Copyright 1986-2022 Xilinx, Inc. All Rights Reserved. Copyright 2022-2023 Advanced Micro Devices, Inc. All Rights Reserved.
---------------------------------------------------------------------------------------------------------------------------------------------
| Tool Version : Vivado v.2023.1 (win64) Build 3865809 Sun May  7 15:05:29 MDT 2023
| Date         : Sun Jan 14 14:06:57 2024
| Host         : Niclas-Laptop running 64-bit major release  (build 9200)
| Command      : report_control_sets -verbose -file top_control_sets_placed.rpt
| Design       : top
| Device       : xc7a35t
---------------------------------------------------------------------------------------------------------------------------------------------

Control Set Information

Table of Contents
-----------------
1. Summary
2. Histogram
3. Flip-Flop Distribution
4. Detailed Control Set Information

1. Summary
----------

+----------------------------------------------------------+-------+
|                          Status                          | Count |
+----------------------------------------------------------+-------+
| Total control sets                                       |    16 |
|    Minimum number of control sets                        |    16 |
|    Addition due to synthesis replication                 |     0 |
|    Addition due to physical synthesis replication        |     0 |
| Unused register locations in slices containing registers |    64 |
+----------------------------------------------------------+-------+
* Control sets can be merged at opt_design using control_set_merge or merge_equivalent_drivers
** Run report_qor_suggestions for automated merging and remapping suggestions


2. Histogram
------------

+--------------------+-------+
|       Fanout       | Count |
+--------------------+-------+
| Total control sets |    16 |
| >= 0 to < 4        |     0 |
| >= 4 to < 6        |    16 |
| >= 6 to < 8        |     0 |
| >= 8 to < 10       |     0 |
| >= 10 to < 12      |     0 |
| >= 12 to < 14      |     0 |
| >= 14 to < 16      |     0 |
| >= 16              |     0 |
+--------------------+-------+
* Control sets can be remapped at either synth_design or opt_design


3. Flip-Flop Distribution
-------------------------

+--------------+-----------------------+------------------------+-----------------+--------------+
| Clock Enable | Synchronous Set/Reset | Asynchronous Set/Reset | Total Registers | Total Slices |
+--------------+-----------------------+------------------------+-----------------+--------------+
| No           | No                    | No                     |              64 |           22 |
| No           | No                    | Yes                    |               0 |            0 |
| No           | Yes                   | No                     |               0 |            0 |
| Yes          | No                    | No                     |               0 |            0 |
| Yes          | No                    | Yes                    |               0 |            0 |
| Yes          | Yes                   | No                     |               0 |            0 |
+--------------+-----------------------+------------------------+-----------------+--------------+


4. Detailed Control Set Information
-----------------------------------

+---------------------------+---------------+------------------+------------------+----------------+--------------+
|        Clock Signal       | Enable Signal | Set/Reset Signal | Slice Load Count | Bel Load Count | Bels / Slice |
+---------------------------+---------------+------------------+------------------+----------------+--------------+
|  memory[9]                |               |                  |                1 |              4 |         4.00 |
|  memory[10]               |               |                  |                2 |              4 |         2.00 |
|  memory[15]               |               |                  |                1 |              4 |         4.00 |
|  memory[12]               |               |                  |                1 |              4 |         4.00 |
|  memory[13]               |               |                  |                1 |              4 |         4.00 |
|  memory[3]                |               |                  |                2 |              4 |         2.00 |
|  memory[4]                |               |                  |                2 |              4 |         2.00 |
|  memory[5]                |               |                  |                1 |              4 |         4.00 |
|  memory[8]                |               |                  |                1 |              4 |         4.00 |
|  memory[14]               |               |                  |                2 |              4 |         2.00 |
|  memory[6]                |               |                  |                1 |              4 |         4.00 |
|  memory[11]               |               |                  |                1 |              4 |         4.00 |
|  memory[1]                |               |                  |                2 |              4 |         2.00 |
|  memory[7]                |               |                  |                1 |              4 |         4.00 |
|  memory_reg[0][3]_i_1_n_0 |               |                  |                1 |              4 |         4.00 |
|  memory[2]                |               |                  |                2 |              4 |         2.00 |
+---------------------------+---------------+------------------+------------------+----------------+--------------+


