Copyright 1986-2022 Xilinx, Inc. All Rights Reserved. Copyright 2022-2023 Advanced Micro Devices, Inc. All Rights Reserved.
-----------------------------------------------------------------------------------------------------------------------------------------------
| Tool Version : Vivado v.2023.1 (win64) Build 3865809 Sun May  7 15:05:29 MDT 2023
| Date         : Sun Jan 14 14:07:13 2024
| Host         : Niclas-Laptop running 64-bit major release  (build 9200)
| Command      : report_methodology -file top_methodology_drc_routed.rpt -pb top_methodology_drc_routed.pb -rpx top_methodology_drc_routed.rpx
| Design       : top
| Device       : xc7a35tcpg236-1
| Speed File   : -1
| Design State : Fully Routed
-----------------------------------------------------------------------------------------------------------------------------------------------

Report Methodology

Table of Contents
-----------------
1. REPORT SUMMARY
2. REPORT DETAILS

1. REPORT SUMMARY
-----------------
            Netlist: netlist
          Floorplan: design_1
      Design limits: <entire design considered>
             Max violations: <unlimited>
             Violations found: 65
+-----------+----------+--------------------------------+------------+
| Rule      | Severity | Description                    | Violations |
+-----------+----------+--------------------------------+------------+
| TIMING-20 | Warning  | Non-clocked latch              | 64         |
| LATCH-1   | Advisory | Existing latches in the design | 1          |
+-----------+----------+--------------------------------+------------+

2. REPORT DETAILS
-----------------
TIMING-20#1 Warning
Non-clocked latch  
The latch memory_reg[0][0] cannot be properly analyzed as its control pin memory_reg[0][0]/G is not reached by a timing clock
Related violations: <none>

TIMING-20#2 Warning
Non-clocked latch  
The latch memory_reg[0][1] cannot be properly analyzed as its control pin memory_reg[0][1]/G is not reached by a timing clock
Related violations: <none>

TIMING-20#3 Warning
Non-clocked latch  
The latch memory_reg[0][2] cannot be properly analyzed as its control pin memory_reg[0][2]/G is not reached by a timing clock
Related violations: <none>

TIMING-20#4 Warning
Non-clocked latch  
The latch memory_reg[0][3] cannot be properly analyzed as its control pin memory_reg[0][3]/G is not reached by a timing clock
Related violations: <none>

TIMING-20#5 Warning
Non-clocked latch  
The latch memory_reg[10][0] cannot be properly analyzed as its control pin memory_reg[10][0]/G is not reached by a timing clock
Related violations: <none>

TIMING-20#6 Warning
Non-clocked latch  
The latch memory_reg[10][1] cannot be properly analyzed as its control pin memory_reg[10][1]/G is not reached by a timing clock
Related violations: <none>

TIMING-20#7 Warning
Non-clocked latch  
The latch memory_reg[10][2] cannot be properly analyzed as its control pin memory_reg[10][2]/G is not reached by a timing clock
Related violations: <none>

TIMING-20#8 Warning
Non-clocked latch  
The latch memory_reg[10][3] cannot be properly analyzed as its control pin memory_reg[10][3]/G is not reached by a timing clock
Related violations: <none>

TIMING-20#9 Warning
Non-clocked latch  
The latch memory_reg[11][0] cannot be properly analyzed as its control pin memory_reg[11][0]/G is not reached by a timing clock
Related violations: <none>

TIMING-20#10 Warning
Non-clocked latch  
The latch memory_reg[11][1] cannot be properly analyzed as its control pin memory_reg[11][1]/G is not reached by a timing clock
Related violations: <none>

TIMING-20#11 Warning
Non-clocked latch  
The latch memory_reg[11][2] cannot be properly analyzed as its control pin memory_reg[11][2]/G is not reached by a timing clock
Related violations: <none>

TIMING-20#12 Warning
Non-clocked latch  
The latch memory_reg[11][3] cannot be properly analyzed as its control pin memory_reg[11][3]/G is not reached by a timing clock
Related violations: <none>

TIMING-20#13 Warning
Non-clocked latch  
The latch memory_reg[12][0] cannot be properly analyzed as its control pin memory_reg[12][0]/G is not reached by a timing clock
Related violations: <none>

TIMING-20#14 Warning
Non-clocked latch  
The latch memory_reg[12][1] cannot be properly analyzed as its control pin memory_reg[12][1]/G is not reached by a timing clock
Related violations: <none>

TIMING-20#15 Warning
Non-clocked latch  
The latch memory_reg[12][2] cannot be properly analyzed as its control pin memory_reg[12][2]/G is not reached by a timing clock
Related violations: <none>

TIMING-20#16 Warning
Non-clocked latch  
The latch memory_reg[12][3] cannot be properly analyzed as its control pin memory_reg[12][3]/G is not reached by a timing clock
Related violations: <none>

TIMING-20#17 Warning
Non-clocked latch  
The latch memory_reg[13][0] cannot be properly analyzed as its control pin memory_reg[13][0]/G is not reached by a timing clock
Related violations: <none>

TIMING-20#18 Warning
Non-clocked latch  
The latch memory_reg[13][1] cannot be properly analyzed as its control pin memory_reg[13][1]/G is not reached by a timing clock
Related violations: <none>

TIMING-20#19 Warning
Non-clocked latch  
The latch memory_reg[13][2] cannot be properly analyzed as its control pin memory_reg[13][2]/G is not reached by a timing clock
Related violations: <none>

TIMING-20#20 Warning
Non-clocked latch  
The latch memory_reg[13][3] cannot be properly analyzed as its control pin memory_reg[13][3]/G is not reached by a timing clock
Related violations: <none>

TIMING-20#21 Warning
Non-clocked latch  
The latch memory_reg[14][0] cannot be properly analyzed as its control pin memory_reg[14][0]/G is not reached by a timing clock
Related violations: <none>

TIMING-20#22 Warning
Non-clocked latch  
The latch memory_reg[14][1] cannot be properly analyzed as its control pin memory_reg[14][1]/G is not reached by a timing clock
Related violations: <none>

TIMING-20#23 Warning
Non-clocked latch  
The latch memory_reg[14][2] cannot be properly analyzed as its control pin memory_reg[14][2]/G is not reached by a timing clock
Related violations: <none>

TIMING-20#24 Warning
Non-clocked latch  
The latch memory_reg[14][3] cannot be properly analyzed as its control pin memory_reg[14][3]/G is not reached by a timing clock
Related violations: <none>

TIMING-20#25 Warning
Non-clocked latch  
The latch memory_reg[15][0] cannot be properly analyzed as its control pin memory_reg[15][0]/G is not reached by a timing clock
Related violations: <none>

TIMING-20#26 Warning
Non-clocked latch  
The latch memory_reg[15][1] cannot be properly analyzed as its control pin memory_reg[15][1]/G is not reached by a timing clock
Related violations: <none>

TIMING-20#27 Warning
Non-clocked latch  
The latch memory_reg[15][2] cannot be properly analyzed as its control pin memory_reg[15][2]/G is not reached by a timing clock
Related violations: <none>

TIMING-20#28 Warning
Non-clocked latch  
The latch memory_reg[15][3] cannot be properly analyzed as its control pin memory_reg[15][3]/G is not reached by a timing clock
Related violations: <none>

TIMING-20#29 Warning
Non-clocked latch  
The latch memory_reg[1][0] cannot be properly analyzed as its control pin memory_reg[1][0]/G is not reached by a timing clock
Related violations: <none>

TIMING-20#30 Warning
Non-clocked latch  
The latch memory_reg[1][1] cannot be properly analyzed as its control pin memory_reg[1][1]/G is not reached by a timing clock
Related violations: <none>

TIMING-20#31 Warning
Non-clocked latch  
The latch memory_reg[1][2] cannot be properly analyzed as its control pin memory_reg[1][2]/G is not reached by a timing clock
Related violations: <none>

TIMING-20#32 Warning
Non-clocked latch  
The latch memory_reg[1][3] cannot be properly analyzed as its control pin memory_reg[1][3]/G is not reached by a timing clock
Related violations: <none>

TIMING-20#33 Warning
Non-clocked latch  
The latch memory_reg[2][0] cannot be properly analyzed as its control pin memory_reg[2][0]/G is not reached by a timing clock
Related violations: <none>

TIMING-20#34 Warning
Non-clocked latch  
The latch memory_reg[2][1] cannot be properly analyzed as its control pin memory_reg[2][1]/G is not reached by a timing clock
Related violations: <none>

TIMING-20#35 Warning
Non-clocked latch  
The latch memory_reg[2][2] cannot be properly analyzed as its control pin memory_reg[2][2]/G is not reached by a timing clock
Related violations: <none>

TIMING-20#36 Warning
Non-clocked latch  
The latch memory_reg[2][3] cannot be properly analyzed as its control pin memory_reg[2][3]/G is not reached by a timing clock
Related violations: <none>

TIMING-20#37 Warning
Non-clocked latch  
The latch memory_reg[3][0] cannot be properly analyzed as its control pin memory_reg[3][0]/G is not reached by a timing clock
Related violations: <none>

TIMING-20#38 Warning
Non-clocked latch  
The latch memory_reg[3][1] cannot be properly analyzed as its control pin memory_reg[3][1]/G is not reached by a timing clock
Related violations: <none>

TIMING-20#39 Warning
Non-clocked latch  
The latch memory_reg[3][2] cannot be properly analyzed as its control pin memory_reg[3][2]/G is not reached by a timing clock
Related violations: <none>

TIMING-20#40 Warning
Non-clocked latch  
The latch memory_reg[3][3] cannot be properly analyzed as its control pin memory_reg[3][3]/G is not reached by a timing clock
Related violations: <none>

TIMING-20#41 Warning
Non-clocked latch  
The latch memory_reg[4][0] cannot be properly analyzed as its control pin memory_reg[4][0]/G is not reached by a timing clock
Related violations: <none>

TIMING-20#42 Warning
Non-clocked latch  
The latch memory_reg[4][1] cannot be properly analyzed as its control pin memory_reg[4][1]/G is not reached by a timing clock
Related violations: <none>

TIMING-20#43 Warning
Non-clocked latch  
The latch memory_reg[4][2] cannot be properly analyzed as its control pin memory_reg[4][2]/G is not reached by a timing clock
Related violations: <none>

TIMING-20#44 Warning
Non-clocked latch  
The latch memory_reg[4][3] cannot be properly analyzed as its control pin memory_reg[4][3]/G is not reached by a timing clock
Related violations: <none>

TIMING-20#45 Warning
Non-clocked latch  
The latch memory_reg[5][0] cannot be properly analyzed as its control pin memory_reg[5][0]/G is not reached by a timing clock
Related violations: <none>

TIMING-20#46 Warning
Non-clocked latch  
The latch memory_reg[5][1] cannot be properly analyzed as its control pin memory_reg[5][1]/G is not reached by a timing clock
Related violations: <none>

TIMING-20#47 Warning
Non-clocked latch  
The latch memory_reg[5][2] cannot be properly analyzed as its control pin memory_reg[5][2]/G is not reached by a timing clock
Related violations: <none>

TIMING-20#48 Warning
Non-clocked latch  
The latch memory_reg[5][3] cannot be properly analyzed as its control pin memory_reg[5][3]/G is not reached by a timing clock
Related violations: <none>

TIMING-20#49 Warning
Non-clocked latch  
The latch memory_reg[6][0] cannot be properly analyzed as its control pin memory_reg[6][0]/G is not reached by a timing clock
Related violations: <none>

TIMING-20#50 Warning
Non-clocked latch  
The latch memory_reg[6][1] cannot be properly analyzed as its control pin memory_reg[6][1]/G is not reached by a timing clock
Related violations: <none>

TIMING-20#51 Warning
Non-clocked latch  
The latch memory_reg[6][2] cannot be properly analyzed as its control pin memory_reg[6][2]/G is not reached by a timing clock
Related violations: <none>

TIMING-20#52 Warning
Non-clocked latch  
The latch memory_reg[6][3] cannot be properly analyzed as its control pin memory_reg[6][3]/G is not reached by a timing clock
Related violations: <none>

TIMING-20#53 Warning
Non-clocked latch  
The latch memory_reg[7][0] cannot be properly analyzed as its control pin memory_reg[7][0]/G is not reached by a timing clock
Related violations: <none>

TIMING-20#54 Warning
Non-clocked latch  
The latch memory_reg[7][1] cannot be properly analyzed as its control pin memory_reg[7][1]/G is not reached by a timing clock
Related violations: <none>

TIMING-20#55 Warning
Non-clocked latch  
The latch memory_reg[7][2] cannot be properly analyzed as its control pin memory_reg[7][2]/G is not reached by a timing clock
Related violations: <none>

TIMING-20#56 Warning
Non-clocked latch  
The latch memory_reg[7][3] cannot be properly analyzed as its control pin memory_reg[7][3]/G is not reached by a timing clock
Related violations: <none>

TIMING-20#57 Warning
Non-clocked latch  
The latch memory_reg[8][0] cannot be properly analyzed as its control pin memory_reg[8][0]/G is not reached by a timing clock
Related violations: <none>

TIMING-20#58 Warning
Non-clocked latch  
The latch memory_reg[8][1] cannot be properly analyzed as its control pin memory_reg[8][1]/G is not reached by a timing clock
Related violations: <none>

TIMING-20#59 Warning
Non-clocked latch  
The latch memory_reg[8][2] cannot be properly analyzed as its control pin memory_reg[8][2]/G is not reached by a timing clock
Related violations: <none>

TIMING-20#60 Warning
Non-clocked latch  
The latch memory_reg[8][3] cannot be properly analyzed as its control pin memory_reg[8][3]/G is not reached by a timing clock
Related violations: <none>

TIMING-20#61 Warning
Non-clocked latch  
The latch memory_reg[9][0] cannot be properly analyzed as its control pin memory_reg[9][0]/G is not reached by a timing clock
Related violations: <none>

TIMING-20#62 Warning
Non-clocked latch  
The latch memory_reg[9][1] cannot be properly analyzed as its control pin memory_reg[9][1]/G is not reached by a timing clock
Related violations: <none>

TIMING-20#63 Warning
Non-clocked latch  
The latch memory_reg[9][2] cannot be properly analyzed as its control pin memory_reg[9][2]/G is not reached by a timing clock
Related violations: <none>

TIMING-20#64 Warning
Non-clocked latch  
The latch memory_reg[9][3] cannot be properly analyzed as its control pin memory_reg[9][3]/G is not reached by a timing clock
Related violations: <none>

LATCH-1#1 Advisory
Existing latches in the design  
There are 64 latches found in the design. Inferred latches are often the result of HDL coding mistakes, such as incomplete if or case statements.
Related violations: <none>


