Copyright 1986-2022 Xilinx, Inc. All Rights Reserved. Copyright 2022-2023 Advanced Micro Devices, Inc. All Rights Reserved.
------------------------------------------------------------------------------------------------------------------------------------------------------------------------------------------------------------------------
| Tool Version : Vivado v.2023.1 (win64) Build 3865809 Sun May  7 15:05:29 MDT 2023
| Date         : Thu Sep  7 10:40:34 2023
| Host         : LAPTOP-51C14GPI running 64-bit major release  (build 9200)
| Command      : report_timing_summary -max_paths 10 -report_unconstrained -file Exercise1_timing_summary_routed.rpt -pb Exercise1_timing_summary_routed.pb -rpx Exercise1_timing_summary_routed.rpx -warn_on_violation
| Design       : Exercise1
| Device       : 7a35t-cpg236
| Speed File   : -1  PRODUCTION 1.23 2018-06-13
| Design State : Routed
------------------------------------------------------------------------------------------------------------------------------------------------------------------------------------------------------------------------

Timing Summary Report

------------------------------------------------------------------------------------------------
| Timer Settings
| --------------
------------------------------------------------------------------------------------------------

  Enable Multi Corner Analysis               :  Yes
  Enable Pessimism Removal                   :  Yes
  Pessimism Removal Resolution               :  Nearest Common Node
  Enable Input Delay Default Clock           :  No
  Enable Preset / Clear Arcs                 :  No
  Disable Flight Delays                      :  No
  Ignore I/O Paths                           :  No
  Timing Early Launch at Borrowing Latches   :  No
  Borrow Time for Max Delay Exceptions       :  Yes
  Merge Timing Exceptions                    :  Yes

  Corner  Analyze    Analyze    
  Name    Max Paths  Min Paths  
  ------  ---------  ---------  
  Slow    Yes        Yes        
  Fast    Yes        Yes        


------------------------------------------------------------------------------------------------
| Report Methodology
| ------------------
------------------------------------------------------------------------------------------------

No report available as report_methodology has not been run prior. Run report_methodology on the current design for the summary of methodology violations.



check_timing report

Table of Contents
-----------------
1. checking no_clock (0)
2. checking constant_clock (0)
3. checking pulse_width_clock (0)
4. checking unconstrained_internal_endpoints (0)
5. checking no_input_delay (0)
6. checking no_output_delay (0)
7. checking multiple_clock (0)
8. checking generated_clocks (0)
9. checking loops (0)
10. checking partial_input_delay (0)
11. checking partial_output_delay (0)
12. checking latch_loops (0)

1. checking no_clock (0)
------------------------
 There are 0 register/latch pins with no clock.


2. checking constant_clock (0)
------------------------------
 There are 0 register/latch pins with constant_clock.


3. checking pulse_width_clock (0)
---------------------------------
 There are 0 register/latch pins which need pulse_width check


4. checking unconstrained_internal_endpoints (0)
------------------------------------------------
 There are 0 pins that are not constrained for maximum delay.

 There are 0 pins that are not constrained for maximum delay due to constant clock.


5. checking no_input_delay (0)
------------------------------
 There are 0 input ports with no input delay specified.

 There are 0 input ports with no input delay but user has a false path constraint.


6. checking no_output_delay (0)
-------------------------------
 There are 0 ports with no output delay specified.

 There are 0 ports with no output delay but user has a false path constraint

 There are 0 ports with no output delay but with a timing clock defined on it or propagating through it


7. checking multiple_clock (0)
------------------------------
 There are 0 register/latch pins with multiple clocks.


8. checking generated_clocks (0)
--------------------------------
 There are 0 generated clocks that are not connected to a clock source.


9. checking loops (0)
---------------------
 There are 0 combinational loops in the design.


10. checking partial_input_delay (0)
------------------------------------
 There are 0 input ports with partial input delay specified.


11. checking partial_output_delay (0)
-------------------------------------
 There are 0 ports with partial output delay specified.


12. checking latch_loops (0)
----------------------------
 There are 0 combinational latch loops in the design through latch input



------------------------------------------------------------------------------------------------
| Design Timing Summary
| ---------------------
------------------------------------------------------------------------------------------------

    WNS(ns)      TNS(ns)  TNS Failing Endpoints  TNS Total Endpoints      WHS(ns)      THS(ns)  THS Failing Endpoints  THS Total Endpoints     WPWS(ns)     TPWS(ns)  TPWS Failing Endpoints  TPWS Total Endpoints  
    -------      -------  ---------------------  -------------------      -------      -------  ---------------------  -------------------     --------     --------  ----------------------  --------------------  
        inf        0.000                      0                    3          inf        0.000                      0                    3           NA           NA                      NA                    NA  


There are no user specified timing constraints.


------------------------------------------------------------------------------------------------
| Clock Summary
| -------------
------------------------------------------------------------------------------------------------


------------------------------------------------------------------------------------------------
| Intra Clock Table
| -----------------
------------------------------------------------------------------------------------------------

Clock             WNS(ns)      TNS(ns)  TNS Failing Endpoints  TNS Total Endpoints      WHS(ns)      THS(ns)  THS Failing Endpoints  THS Total Endpoints     WPWS(ns)     TPWS(ns)  TPWS Failing Endpoints  TPWS Total Endpoints  
-----             -------      -------  ---------------------  -------------------      -------      -------  ---------------------  -------------------     --------     --------  ----------------------  --------------------  


------------------------------------------------------------------------------------------------
| Inter Clock Table
| -----------------
------------------------------------------------------------------------------------------------

From Clock    To Clock          WNS(ns)      TNS(ns)  TNS Failing Endpoints  TNS Total Endpoints      WHS(ns)      THS(ns)  THS Failing Endpoints  THS Total Endpoints  
----------    --------          -------      -------  ---------------------  -------------------      -------      -------  ---------------------  -------------------  


------------------------------------------------------------------------------------------------
| Other Path Groups Table
| -----------------------
------------------------------------------------------------------------------------------------

Path Group    From Clock    To Clock          WNS(ns)      TNS(ns)  TNS Failing Endpoints  TNS Total Endpoints      WHS(ns)      THS(ns)  THS Failing Endpoints  THS Total Endpoints  
----------    ----------    --------          -------      -------  ---------------------  -------------------      -------      -------  ---------------------  -------------------  


------------------------------------------------------------------------------------------------
| User Ignored Path Table
| -----------------------
------------------------------------------------------------------------------------------------

Path Group    From Clock    To Clock    
----------    ----------    --------    


------------------------------------------------------------------------------------------------
| Unconstrained Path Table
| ------------------------
------------------------------------------------------------------------------------------------

Path Group    From Clock    To Clock    
----------    ----------    --------    
(none)                                    


------------------------------------------------------------------------------------------------
| Timing Details
| --------------
------------------------------------------------------------------------------------------------


--------------------------------------------------------------------------------------
Path Group:  (none)
From Clock:  
  To Clock:  

Max Delay             3 Endpoints
Min Delay             3 Endpoints
--------------------------------------------------------------------------------------


Max Delay Paths
--------------------------------------------------------------------------------------
Slack:                    inf
  Source:                 B1
                            (input port)
  Destination:            LED3
                            (output port)
  Path Group:             (none)
  Path Type:              Max at Slow Process Corner
  Data Path Delay:        8.094ns  (logic 5.090ns (62.890%)  route 3.004ns (37.110%))
  Logic Levels:           3  (IBUF=1 LUT2=1 OBUF=1)

    Location             Delay type                Incr(ns)  Path(ns)    Netlist Resource(s)
  -------------------------------------------------------------------    -------------------
    A18                                               0.000     0.000 f  B1 (IN)
                         net (fo=0)                   0.000     0.000    B1
    A18                  IBUF (Prop_ibuf_I_O)         1.463     1.463 f  B1_IBUF_inst/O
                         net (fo=2, routed)           1.475     2.938    LED1_OBUF
    SLICE_X0Y123         LUT2 (Prop_lut2_I0_O)        0.124     3.062 r  LED3_OBUF_inst_i_1/O
                         net (fo=1, routed)           1.529     4.591    LED3_OBUF
    B16                  OBUF (Prop_obuf_I_O)         3.503     8.094 r  LED3_OBUF_inst/O
                         net (fo=0)                   0.000     8.094    LED3
    B16                                                               r  LED3 (OUT)
  -------------------------------------------------------------------    -------------------

Slack:                    inf
  Source:                 B1
                            (input port)
  Destination:            LED1
                            (output port)
  Path Group:             (none)
  Path Type:              Max at Slow Process Corner
  Data Path Delay:        7.367ns  (logic 4.971ns (67.472%)  route 2.396ns (32.528%))
  Logic Levels:           2  (IBUF=1 OBUF=1)

    Location             Delay type                Incr(ns)  Path(ns)    Netlist Resource(s)
  -------------------------------------------------------------------    -------------------
    A18                                               0.000     0.000 r  B1 (IN)
                         net (fo=0)                   0.000     0.000    B1
    A18                  IBUF (Prop_ibuf_I_O)         1.463     1.463 r  B1_IBUF_inst/O
                         net (fo=2, routed)           2.396     3.859    LED1_OBUF
    A17                  OBUF (Prop_obuf_I_O)         3.508     7.367 r  LED1_OBUF_inst/O
                         net (fo=0)                   0.000     7.367    LED1
    A17                                                               r  LED1 (OUT)
  -------------------------------------------------------------------    -------------------

Slack:                    inf
  Source:                 B2
                            (input port)
  Destination:            LED2
                            (output port)
  Path Group:             (none)
  Path Type:              Max at Slow Process Corner
  Data Path Delay:        7.143ns  (logic 4.948ns (69.274%)  route 2.195ns (30.726%))
  Logic Levels:           2  (IBUF=1 OBUF=1)

    Location             Delay type                Incr(ns)  Path(ns)    Netlist Resource(s)
  -------------------------------------------------------------------    -------------------
    B18                                               0.000     0.000 r  B2 (IN)
                         net (fo=0)                   0.000     0.000    B2
    B18                  IBUF (Prop_ibuf_I_O)         1.456     1.456 r  B2_IBUF_inst/O
                         net (fo=2, routed)           2.195     3.651    LED2_OBUF
    C16                  OBUF (Prop_obuf_I_O)         3.492     7.143 r  LED2_OBUF_inst/O
                         net (fo=0)                   0.000     7.143    LED2
    C16                                                               r  LED2 (OUT)
  -------------------------------------------------------------------    -------------------





Min Delay Paths
--------------------------------------------------------------------------------------
Slack:                    inf
  Source:                 B2
                            (input port)
  Destination:            LED2
                            (output port)
  Path Group:             (none)
  Path Type:              Min at Fast Process Corner
  Data Path Delay:        1.905ns  (logic 1.418ns (74.440%)  route 0.487ns (25.560%))
  Logic Levels:           2  (IBUF=1 OBUF=1)

    Location             Delay type                Incr(ns)  Path(ns)    Netlist Resource(s)
  -------------------------------------------------------------------    -------------------
    B18                                               0.000     0.000 r  B2 (IN)
                         net (fo=0)                   0.000     0.000    B2
    B18                  IBUF (Prop_ibuf_I_O)         0.224     0.224 r  B2_IBUF_inst/O
                         net (fo=2, routed)           0.487     0.711    LED2_OBUF
    C16                  OBUF (Prop_obuf_I_O)         1.193     1.905 r  LED2_OBUF_inst/O
                         net (fo=0)                   0.000     1.905    LED2
    C16                                                               r  LED2 (OUT)
  -------------------------------------------------------------------    -------------------

Slack:                    inf
  Source:                 B1
                            (input port)
  Destination:            LED1
                            (output port)
  Path Group:             (none)
  Path Type:              Min at Fast Process Corner
  Data Path Delay:        2.047ns  (logic 1.440ns (70.367%)  route 0.606ns (29.633%))
  Logic Levels:           2  (IBUF=1 OBUF=1)

    Location             Delay type                Incr(ns)  Path(ns)    Netlist Resource(s)
  -------------------------------------------------------------------    -------------------
    A18                                               0.000     0.000 r  B1 (IN)
                         net (fo=0)                   0.000     0.000    B1
    A18                  IBUF (Prop_ibuf_I_O)         0.231     0.231 r  B1_IBUF_inst/O
                         net (fo=2, routed)           0.606     0.837    LED1_OBUF
    A17                  OBUF (Prop_obuf_I_O)         1.209     2.047 r  LED1_OBUF_inst/O
                         net (fo=0)                   0.000     2.047    LED1
    A17                                                               r  LED1 (OUT)
  -------------------------------------------------------------------    -------------------

Slack:                    inf
  Source:                 B2
                            (input port)
  Destination:            LED3
                            (output port)
  Path Group:             (none)
  Path Type:              Min at Fast Process Corner
  Data Path Delay:        2.276ns  (logic 1.474ns (64.753%)  route 0.802ns (35.247%))
  Logic Levels:           3  (IBUF=1 LUT2=1 OBUF=1)

    Location             Delay type                Incr(ns)  Path(ns)    Netlist Resource(s)
  -------------------------------------------------------------------    -------------------
    B18                                               0.000     0.000 f  B2 (IN)
                         net (fo=0)                   0.000     0.000    B2
    B18                  IBUF (Prop_ibuf_I_O)         0.224     0.224 f  B2_IBUF_inst/O
                         net (fo=2, routed)           0.520     0.745    LED2_OBUF
    SLICE_X0Y123         LUT2 (Prop_lut2_I1_O)        0.045     0.790 r  LED3_OBUF_inst_i_1/O
                         net (fo=1, routed)           0.282     1.071    LED3_OBUF
    B16                  OBUF (Prop_obuf_I_O)         1.204     2.276 r  LED3_OBUF_inst/O
                         net (fo=0)                   0.000     2.276    LED3
    B16                                                               r  LED3 (OUT)
  -------------------------------------------------------------------    -------------------





