Copyright 1986-2022 Xilinx, Inc. All Rights Reserved. Copyright 2022-2023 Advanced Micro Devices, Inc. All Rights Reserved.
------------------------------------------------------------------------------------------------------------------------------------------------------------------------------------------------------------------------
| Tool Version : Vivado v.2023.1 (win64) Build 3865809 Sun May  7 15:05:29 MDT 2023
| Date         : Thu Sep  7 12:10:25 2023
| Host         : LAPTOP-51C14GPI running 64-bit major release  (build 9200)
| Command      : report_timing_summary -max_paths 10 -report_unconstrained -file fulladder_timing_summary_routed.rpt -pb fulladder_timing_summary_routed.pb -rpx fulladder_timing_summary_routed.rpx -warn_on_violation
| Design       : fulladder
| Device       : 7a35t-cpg236
| Speed File   : -1  PRODUCTION 1.23 2018-06-13
| Design State : Routed
------------------------------------------------------------------------------------------------------------------------------------------------------------------------------------------------------------------------

Timing Summary Report

------------------------------------------------------------------------------------------------
| Timer Settings
| --------------
------------------------------------------------------------------------------------------------

  Enable Multi Corner Analysis               :  Yes
  Enable Pessimism Removal                   :  Yes
  Pessimism Removal Resolution               :  Nearest Common Node
  Enable Input Delay Default Clock           :  No
  Enable Preset / Clear Arcs                 :  No
  Disable Flight Delays                      :  No
  Ignore I/O Paths                           :  No
  Timing Early Launch at Borrowing Latches   :  No
  Borrow Time for Max Delay Exceptions       :  Yes
  Merge Timing Exceptions                    :  Yes

  Corner  Analyze    Analyze    
  Name    Max Paths  Min Paths  
  ------  ---------  ---------  
  Slow    Yes        Yes        
  Fast    Yes        Yes        


------------------------------------------------------------------------------------------------
| Report Methodology
| ------------------
------------------------------------------------------------------------------------------------

No report available as report_methodology has not been run prior. Run report_methodology on the current design for the summary of methodology violations.



check_timing report

Table of Contents
-----------------
1. checking no_clock (0)
2. checking constant_clock (0)
3. checking pulse_width_clock (0)
4. checking unconstrained_internal_endpoints (0)
5. checking no_input_delay (0)
6. checking no_output_delay (0)
7. checking multiple_clock (0)
8. checking generated_clocks (0)
9. checking loops (0)
10. checking partial_input_delay (0)
11. checking partial_output_delay (0)
12. checking latch_loops (0)

1. checking no_clock (0)
------------------------
 There are 0 register/latch pins with no clock.


2. checking constant_clock (0)
------------------------------
 There are 0 register/latch pins with constant_clock.


3. checking pulse_width_clock (0)
---------------------------------
 There are 0 register/latch pins which need pulse_width check


4. checking unconstrained_internal_endpoints (0)
------------------------------------------------
 There are 0 pins that are not constrained for maximum delay.

 There are 0 pins that are not constrained for maximum delay due to constant clock.


5. checking no_input_delay (0)
------------------------------
 There are 0 input ports with no input delay specified.

 There are 0 input ports with no input delay but user has a false path constraint.


6. checking no_output_delay (0)
-------------------------------
 There are 0 ports with no output delay specified.

 There are 0 ports with no output delay but user has a false path constraint

 There are 0 ports with no output delay but with a timing clock defined on it or propagating through it


7. checking multiple_clock (0)
------------------------------
 There are 0 register/latch pins with multiple clocks.


8. checking generated_clocks (0)
--------------------------------
 There are 0 generated clocks that are not connected to a clock source.


9. checking loops (0)
---------------------
 There are 0 combinational loops in the design.


10. checking partial_input_delay (0)
------------------------------------
 There are 0 input ports with partial input delay specified.


11. checking partial_output_delay (0)
-------------------------------------
 There are 0 ports with partial output delay specified.


12. checking latch_loops (0)
----------------------------
 There are 0 combinational latch loops in the design through latch input



------------------------------------------------------------------------------------------------
| Design Timing Summary
| ---------------------
------------------------------------------------------------------------------------------------

    WNS(ns)      TNS(ns)  TNS Failing Endpoints  TNS Total Endpoints      WHS(ns)      THS(ns)  THS Failing Endpoints  THS Total Endpoints     WPWS(ns)     TPWS(ns)  TPWS Failing Endpoints  TPWS Total Endpoints  
    -------      -------  ---------------------  -------------------      -------      -------  ---------------------  -------------------     --------     --------  ----------------------  --------------------  
        inf        0.000                      0                    2          inf        0.000                      0                    2           NA           NA                      NA                    NA  


There are no user specified timing constraints.


------------------------------------------------------------------------------------------------
| Clock Summary
| -------------
------------------------------------------------------------------------------------------------


------------------------------------------------------------------------------------------------
| Intra Clock Table
| -----------------
------------------------------------------------------------------------------------------------

Clock             WNS(ns)      TNS(ns)  TNS Failing Endpoints  TNS Total Endpoints      WHS(ns)      THS(ns)  THS Failing Endpoints  THS Total Endpoints     WPWS(ns)     TPWS(ns)  TPWS Failing Endpoints  TPWS Total Endpoints  
-----             -------      -------  ---------------------  -------------------      -------      -------  ---------------------  -------------------     --------     --------  ----------------------  --------------------  


------------------------------------------------------------------------------------------------
| Inter Clock Table
| -----------------
------------------------------------------------------------------------------------------------

From Clock    To Clock          WNS(ns)      TNS(ns)  TNS Failing Endpoints  TNS Total Endpoints      WHS(ns)      THS(ns)  THS Failing Endpoints  THS Total Endpoints  
----------    --------          -------      -------  ---------------------  -------------------      -------      -------  ---------------------  -------------------  


------------------------------------------------------------------------------------------------
| Other Path Groups Table
| -----------------------
------------------------------------------------------------------------------------------------

Path Group    From Clock    To Clock          WNS(ns)      TNS(ns)  TNS Failing Endpoints  TNS Total Endpoints      WHS(ns)      THS(ns)  THS Failing Endpoints  THS Total Endpoints  
----------    ----------    --------          -------      -------  ---------------------  -------------------      -------      -------  ---------------------  -------------------  


------------------------------------------------------------------------------------------------
| User Ignored Path Table
| -----------------------
------------------------------------------------------------------------------------------------

Path Group    From Clock    To Clock    
----------    ----------    --------    


------------------------------------------------------------------------------------------------
| Unconstrained Path Table
| ------------------------
------------------------------------------------------------------------------------------------

Path Group    From Clock    To Clock    
----------    ----------    --------    
(none)                                    


------------------------------------------------------------------------------------------------
| Timing Details
| --------------
------------------------------------------------------------------------------------------------


--------------------------------------------------------------------------------------
Path Group:  (none)
From Clock:  
  To Clock:  

Max Delay             2 Endpoints
Min Delay             2 Endpoints
--------------------------------------------------------------------------------------


Max Delay Paths
--------------------------------------------------------------------------------------
Slack:                    inf
  Source:                 Cin
                            (input port)
  Destination:            Cout
                            (output port)
  Path Group:             (none)
  Path Type:              Max at Slow Process Corner
  Data Path Delay:        10.534ns  (logic 5.336ns (50.656%)  route 5.198ns (49.344%))
  Logic Levels:           3  (IBUF=1 LUT3=1 OBUF=1)

    Location             Delay type                Incr(ns)  Path(ns)    Netlist Resource(s)
  -------------------------------------------------------------------    -------------------
    G17                                               0.000     0.000 r  Cin (IN)
                         net (fo=0)                   0.000     0.000    Cin
    G17                  IBUF (Prop_ibuf_I_O)         1.474     1.474 r  Cin_IBUF_inst/O
                         net (fo=2, routed)           3.095     4.569    Cin_IBUF
    SLICE_X0Y112         LUT3 (Prop_lut3_I0_O)        0.152     4.721 r  Cout_OBUF_inst_i_1/O
                         net (fo=1, routed)           2.103     6.824    Cout_OBUF
    A17                  OBUF (Prop_obuf_I_O)         3.710    10.534 r  Cout_OBUF_inst/O
                         net (fo=0)                   0.000    10.534    Cout
    A17                                                               r  Cout (OUT)
  -------------------------------------------------------------------    -------------------

Slack:                    inf
  Source:                 Cin
                            (input port)
  Destination:            O
                            (output port)
  Path Group:             (none)
  Path Type:              Max at Slow Process Corner
  Data Path Delay:        10.233ns  (logic 5.091ns (49.748%)  route 5.142ns (50.252%))
  Logic Levels:           3  (IBUF=1 LUT3=1 OBUF=1)

    Location             Delay type                Incr(ns)  Path(ns)    Netlist Resource(s)
  -------------------------------------------------------------------    -------------------
    G17                                               0.000     0.000 r  Cin (IN)
                         net (fo=0)                   0.000     0.000    Cin
    G17                  IBUF (Prop_ibuf_I_O)         1.474     1.474 r  Cin_IBUF_inst/O
                         net (fo=2, routed)           3.095     4.569    Cin_IBUF
    SLICE_X0Y112         LUT3 (Prop_lut3_I2_O)        0.124     4.693 r  O_OBUF_inst_i_1/O
                         net (fo=1, routed)           2.047     6.740    O_OBUF
    C16                  OBUF (Prop_obuf_I_O)         3.492    10.233 r  O_OBUF_inst/O
                         net (fo=0)                   0.000    10.233    O
    C16                                                               r  O (OUT)
  -------------------------------------------------------------------    -------------------





Min Delay Paths
--------------------------------------------------------------------------------------
Slack:                    inf
  Source:                 A
                            (input port)
  Destination:            O
                            (output port)
  Path Group:             (none)
  Path Type:              Min at Fast Process Corner
  Data Path Delay:        2.355ns  (logic 1.469ns (62.407%)  route 0.885ns (37.593%))
  Logic Levels:           3  (IBUF=1 LUT3=1 OBUF=1)

    Location             Delay type                Incr(ns)  Path(ns)    Netlist Resource(s)
  -------------------------------------------------------------------    -------------------
    A18                                               0.000     0.000 r  A (IN)
                         net (fo=0)                   0.000     0.000    A
    A18                  IBUF (Prop_ibuf_I_O)         0.231     0.231 r  A_IBUF_inst/O
                         net (fo=2, routed)           0.391     0.622    A_IBUF
    SLICE_X0Y112         LUT3 (Prop_lut3_I0_O)        0.045     0.667 r  O_OBUF_inst_i_1/O
                         net (fo=1, routed)           0.494     1.161    O_OBUF
    C16                  OBUF (Prop_obuf_I_O)         1.193     2.355 r  O_OBUF_inst/O
                         net (fo=0)                   0.000     2.355    O
    C16                                                               r  O (OUT)
  -------------------------------------------------------------------    -------------------

Slack:                    inf
  Source:                 A
                            (input port)
  Destination:            Cout
                            (output port)
  Path Group:             (none)
  Path Type:              Min at Fast Process Corner
  Data Path Delay:        2.479ns  (logic 1.550ns (62.526%)  route 0.929ns (37.474%))
  Logic Levels:           3  (IBUF=1 LUT3=1 OBUF=1)

    Location             Delay type                Incr(ns)  Path(ns)    Netlist Resource(s)
  -------------------------------------------------------------------    -------------------
    A18                                               0.000     0.000 r  A (IN)
                         net (fo=0)                   0.000     0.000    A
    A18                  IBUF (Prop_ibuf_I_O)         0.231     0.231 r  A_IBUF_inst/O
                         net (fo=2, routed)           0.391     0.622    A_IBUF
    SLICE_X0Y112         LUT3 (Prop_lut3_I2_O)        0.048     0.670 r  Cout_OBUF_inst_i_1/O
                         net (fo=1, routed)           0.538     1.208    Cout_OBUF
    A17                  OBUF (Prop_obuf_I_O)         1.271     2.479 r  Cout_OBUF_inst/O
                         net (fo=0)                   0.000     2.479    Cout
    A17                                                               r  Cout (OUT)
  -------------------------------------------------------------------    -------------------





