Copyright 1986-2022 Xilinx, Inc. All Rights Reserved. Copyright 2022-2023 Advanced Micro Devices, Inc. All Rights Reserved.
---------------------------------------------------------------------------------------------------------------------------------------------------------------------------------------------------------------------------------------------------------------------------
| Tool Version : Vivado v.2023.1 (win64) Build 3865809 Sun May  7 15:05:29 MDT 2023
| Date         : Tue Sep 26 12:01:59 2023
| Host         : LAPTOP-4V14CJV4 running 64-bit major release  (build 9200)
| Command      : report_timing_summary -max_paths 10 -report_unconstrained -file top_traffic_design_wrapper_timing_summary_routed.rpt -pb top_traffic_design_wrapper_timing_summary_routed.pb -rpx top_traffic_design_wrapper_timing_summary_routed.rpx -warn_on_violation
| Design       : top_traffic_design_wrapper
| Device       : 7a35t-cpg236
| Speed File   : -1  PRODUCTION 1.23 2018-06-13
| Design State : Routed
---------------------------------------------------------------------------------------------------------------------------------------------------------------------------------------------------------------------------------------------------------------------------

Timing Summary Report

------------------------------------------------------------------------------------------------
| Timer Settings
| --------------
------------------------------------------------------------------------------------------------

  Enable Multi Corner Analysis               :  Yes
  Enable Pessimism Removal                   :  Yes
  Pessimism Removal Resolution               :  Nearest Common Node
  Enable Input Delay Default Clock           :  No
  Enable Preset / Clear Arcs                 :  No
  Disable Flight Delays                      :  No
  Ignore I/O Paths                           :  No
  Timing Early Launch at Borrowing Latches   :  No
  Borrow Time for Max Delay Exceptions       :  Yes
  Merge Timing Exceptions                    :  Yes

  Corner  Analyze    Analyze    
  Name    Max Paths  Min Paths  
  ------  ---------  ---------  
  Slow    Yes        Yes        
  Fast    Yes        Yes        


------------------------------------------------------------------------------------------------
| Report Methodology
| ------------------
------------------------------------------------------------------------------------------------

Rule       Severity          Description                                                       Violations  
---------  ----------------  ----------------------------------------------------------------  ----------  
TIMING-17  Critical Warning  Non-clocked sequential cell                                       18          
CKLD-2     Warning           Clock Net has IO Driver, not a Clock Buf, and/or non-Clock loads  1           
TIMING-20  Warning           Non-clocked latch                                                 3           
LATCH-1    Advisory          Existing latches in the design                                    1           

Note: This report is based on the most recent report_methodology run and may not be up-to-date. Run report_methodology on the current design for the latest report.



check_timing report

Table of Contents
-----------------
1. checking no_clock (21)
2. checking constant_clock (0)
3. checking pulse_width_clock (0)
4. checking unconstrained_internal_endpoints (21)
5. checking no_input_delay (0)
6. checking no_output_delay (3)
7. checking multiple_clock (0)
8. checking generated_clocks (0)
9. checking loops (0)
10. checking partial_input_delay (0)
11. checking partial_output_delay (0)
12. checking latch_loops (3)

1. checking no_clock (21)
-------------------------
 There are 16 register/latch pins with no clock driven by root clock pin: CLK_0 (HIGH)

 There are 2 register/latch pins with no clock driven by root clock pin: top_traffic_design_i/c_counter_binary_0/U0/i_synth/i_baseblox.i_baseblox_counter/the_addsub/no_pipelining.the_addsub/i_lut6.i_lut6_addsub/i_q.i_simple.qreg/i_no_async_controls.output_reg[15]/Q (HIGH)

 There are 3 register/latch pins with no clock driven by root clock pin: top_traffic_design_i/top_0/U0/FSM_sequential_current_state_reg[0]/Q (HIGH)


2. checking constant_clock (0)
------------------------------
 There are 0 register/latch pins with constant_clock.


3. checking pulse_width_clock (0)
---------------------------------
 There are 0 register/latch pins which need pulse_width check


4. checking unconstrained_internal_endpoints (21)
-------------------------------------------------
 There are 21 pins that are not constrained for maximum delay. (HIGH)

 There are 0 pins that are not constrained for maximum delay due to constant clock.


5. checking no_input_delay (0)
------------------------------
 There are 0 input ports with no input delay specified.

 There are 0 input ports with no input delay but user has a false path constraint.


6. checking no_output_delay (3)
-------------------------------
 There are 3 ports with no output delay specified. (HIGH)

 There are 0 ports with no output delay but user has a false path constraint

 There are 0 ports with no output delay but with a timing clock defined on it or propagating through it


7. checking multiple_clock (0)
------------------------------
 There are 0 register/latch pins with multiple clocks.


8. checking generated_clocks (0)
--------------------------------
 There are 0 generated clocks that are not connected to a clock source.


9. checking loops (0)
---------------------
 There are 0 combinational loops in the design.


10. checking partial_input_delay (0)
------------------------------------
 There are 0 input ports with partial input delay specified.


11. checking partial_output_delay (0)
-------------------------------------
 There are 0 ports with partial output delay specified.


12. checking latch_loops (3)
----------------------------
 There are 3 combinational latch loops in the design through latch input (HIGH)



------------------------------------------------------------------------------------------------
| Design Timing Summary
| ---------------------
------------------------------------------------------------------------------------------------

    WNS(ns)      TNS(ns)  TNS Failing Endpoints  TNS Total Endpoints      WHS(ns)      THS(ns)  THS Failing Endpoints  THS Total Endpoints     WPWS(ns)     TPWS(ns)  TPWS Failing Endpoints  TPWS Total Endpoints  
    -------      -------  ---------------------  -------------------      -------      -------  ---------------------  -------------------     --------     --------  ----------------------  --------------------  
        inf        0.000                      0                   24          inf        0.000                      0                   24           NA           NA                      NA                    NA  


There are no user specified timing constraints.


------------------------------------------------------------------------------------------------
| Clock Summary
| -------------
------------------------------------------------------------------------------------------------


------------------------------------------------------------------------------------------------
| Intra Clock Table
| -----------------
------------------------------------------------------------------------------------------------

Clock             WNS(ns)      TNS(ns)  TNS Failing Endpoints  TNS Total Endpoints      WHS(ns)      THS(ns)  THS Failing Endpoints  THS Total Endpoints     WPWS(ns)     TPWS(ns)  TPWS Failing Endpoints  TPWS Total Endpoints  
-----             -------      -------  ---------------------  -------------------      -------      -------  ---------------------  -------------------     --------     --------  ----------------------  --------------------  


------------------------------------------------------------------------------------------------
| Inter Clock Table
| -----------------
------------------------------------------------------------------------------------------------

From Clock    To Clock          WNS(ns)      TNS(ns)  TNS Failing Endpoints  TNS Total Endpoints      WHS(ns)      THS(ns)  THS Failing Endpoints  THS Total Endpoints  
----------    --------          -------      -------  ---------------------  -------------------      -------      -------  ---------------------  -------------------  


------------------------------------------------------------------------------------------------
| Other Path Groups Table
| -----------------------
------------------------------------------------------------------------------------------------

Path Group    From Clock    To Clock          WNS(ns)      TNS(ns)  TNS Failing Endpoints  TNS Total Endpoints      WHS(ns)      THS(ns)  THS Failing Endpoints  THS Total Endpoints  
----------    ----------    --------          -------      -------  ---------------------  -------------------      -------      -------  ---------------------  -------------------  


------------------------------------------------------------------------------------------------
| User Ignored Path Table
| -----------------------
------------------------------------------------------------------------------------------------

Path Group    From Clock    To Clock    
----------    ----------    --------    


------------------------------------------------------------------------------------------------
| Unconstrained Path Table
| ------------------------
------------------------------------------------------------------------------------------------

Path Group    From Clock    To Clock    
----------    ----------    --------    
(none)                                    


------------------------------------------------------------------------------------------------
| Timing Details
| --------------
------------------------------------------------------------------------------------------------


--------------------------------------------------------------------------------------
Path Group:  (none)
From Clock:  
  To Clock:  

Max Delay            24 Endpoints
Min Delay            24 Endpoints
--------------------------------------------------------------------------------------


Max Delay Paths
--------------------------------------------------------------------------------------
Slack:                    inf
  Source:                 top_traffic_design_i/top_0/U0/FSM_sequential_current_state_reg[0]/C
                            (rising edge-triggered cell FDRE)
  Destination:            green_0
                            (output port)
  Path Group:             (none)
  Path Type:              Max at Slow Process Corner
  Data Path Delay:        7.260ns  (logic 4.324ns (59.555%)  route 2.936ns (40.445%))
  Logic Levels:           3  (FDRE=1 LUT2=1 OBUF=1)

    Location             Delay type                Incr(ns)  Path(ns)    Netlist Resource(s)
  -------------------------------------------------------------------    -------------------
    SLICE_X0Y121         FDRE                         0.000     0.000 r  top_traffic_design_i/top_0/U0/FSM_sequential_current_state_reg[0]/C
    SLICE_X0Y121         FDRE (Prop_fdre_C_Q)         0.456     0.456 f  top_traffic_design_i/top_0/U0/FSM_sequential_current_state_reg[0]/Q
                         net (fo=8, routed)           1.025     1.481    top_traffic_design_i/top_0/U0/yellow
    SLICE_X0Y122         LUT2 (Prop_lut2_I1_O)        0.152     1.633 r  top_traffic_design_i/top_0/U0/green_INST_0/O
                         net (fo=1, routed)           1.911     3.544    green_0_OBUF
    A17                  OBUF (Prop_obuf_I_O)         3.716     7.260 r  green_0_OBUF_inst/O
                         net (fo=0)                   0.000     7.260    green_0
    A17                                                               r  green_0 (OUT)
  -------------------------------------------------------------------    -------------------

Slack:                    inf
  Source:                 top_traffic_design_i/top_0/U0/FSM_sequential_current_state_reg[0]/C
                            (rising edge-triggered cell FDRE)
  Destination:            red_0
                            (output port)
  Path Group:             (none)
  Path Type:              Max at Slow Process Corner
  Data Path Delay:        6.769ns  (logic 4.072ns (60.161%)  route 2.697ns (39.839%))
  Logic Levels:           3  (FDRE=1 LUT2=1 OBUF=1)

    Location             Delay type                Incr(ns)  Path(ns)    Netlist Resource(s)
  -------------------------------------------------------------------    -------------------
    SLICE_X0Y121         FDRE                         0.000     0.000 r  top_traffic_design_i/top_0/U0/FSM_sequential_current_state_reg[0]/C
    SLICE_X0Y121         FDRE (Prop_fdre_C_Q)         0.456     0.456 r  top_traffic_design_i/top_0/U0/FSM_sequential_current_state_reg[0]/Q
                         net (fo=8, routed)           1.025     1.481    top_traffic_design_i/top_0/U0/yellow
    SLICE_X0Y122         LUT2 (Prop_lut2_I1_O)        0.124     1.605 r  top_traffic_design_i/top_0/U0/red_INST_0/O
                         net (fo=1, routed)           1.671     3.277    red_0_OBUF
    C16                  OBUF (Prop_obuf_I_O)         3.492     6.769 r  red_0_OBUF_inst/O
                         net (fo=0)                   0.000     6.769    red_0
    C16                                                               r  red_0 (OUT)
  -------------------------------------------------------------------    -------------------

Slack:                    inf
  Source:                 top_traffic_design_i/top_0/U0/FSM_sequential_current_state_reg[0]/C
                            (rising edge-triggered cell FDRE)
  Destination:            yellow_0
                            (output port)
  Path Group:             (none)
  Path Type:              Max at Slow Process Corner
  Data Path Delay:        5.801ns  (logic 3.959ns (68.256%)  route 1.841ns (31.744%))
  Logic Levels:           2  (FDRE=1 OBUF=1)

    Location             Delay type                Incr(ns)  Path(ns)    Netlist Resource(s)
  -------------------------------------------------------------------    -------------------
    SLICE_X0Y121         FDRE                         0.000     0.000 r  top_traffic_design_i/top_0/U0/FSM_sequential_current_state_reg[0]/C
    SLICE_X0Y121         FDRE (Prop_fdre_C_Q)         0.456     0.456 r  top_traffic_design_i/top_0/U0/FSM_sequential_current_state_reg[0]/Q
                         net (fo=8, routed)           1.841     2.297    yellow_0_OBUF
    C17                  OBUF (Prop_obuf_I_O)         3.503     5.801 r  yellow_0_OBUF_inst/O
                         net (fo=0)                   0.000     5.801    yellow_0
    C17                                                               r  yellow_0 (OUT)
  -------------------------------------------------------------------    -------------------

Slack:                    inf
  Source:                 top_traffic_design_i/c_counter_binary_0/U0/i_synth/i_baseblox.i_baseblox_counter/the_addsub/no_pipelining.the_addsub/i_lut6.i_lut6_addsub/i_q.i_simple.qreg/i_no_async_controls.output_reg[2]/C
                            (rising edge-triggered cell FDRE)
  Destination:            top_traffic_design_i/c_counter_binary_0/U0/i_synth/i_baseblox.i_baseblox_counter/the_addsub/no_pipelining.the_addsub/i_lut6.i_lut6_addsub/i_q.i_simple.qreg/i_no_async_controls.output_reg[14]/D
  Path Group:             (none)
  Path Type:              Max at Slow Process Corner
  Data Path Delay:        2.232ns  (logic 1.692ns (75.822%)  route 0.540ns (24.178%))
  Logic Levels:           5  (CARRY4=4 FDRE=1)

    Location             Delay type                Incr(ns)  Path(ns)    Netlist Resource(s)
  -------------------------------------------------------------------    -------------------
    SLICE_X0Y49          FDRE                         0.000     0.000 r  top_traffic_design_i/c_counter_binary_0/U0/i_synth/i_baseblox.i_baseblox_counter/the_addsub/no_pipelining.the_addsub/i_lut6.i_lut6_addsub/i_q.i_simple.qreg/i_no_async_controls.output_reg[2]/C
    SLICE_X0Y49          FDRE (Prop_fdre_C_Q)         0.456     0.456 r  top_traffic_design_i/c_counter_binary_0/U0/i_synth/i_baseblox.i_baseblox_counter/the_addsub/no_pipelining.the_addsub/i_lut6.i_lut6_addsub/i_q.i_simple.qreg/i_no_async_controls.output_reg[2]/Q
                         net (fo=1, routed)           0.539     0.995    top_traffic_design_i/c_counter_binary_0/U0/i_synth/i_baseblox.i_baseblox_counter/the_addsub/no_pipelining.the_addsub/i_lut6.i_lut6_addsub/Q[1]
    SLICE_X0Y49          CARRY4 (Prop_carry4_S[1]_CO[3])
                                                      0.674     1.669 r  top_traffic_design_i/c_counter_binary_0/U0/i_synth/i_baseblox.i_baseblox_counter/the_addsub/no_pipelining.the_addsub/i_lut6.i_lut6_addsub/i_simple_model.carrymux0_CARRY4/CO[3]
                         net (fo=1, routed)           0.001     1.670    top_traffic_design_i/c_counter_binary_0/U0/i_synth/i_baseblox.i_baseblox_counter/the_addsub/no_pipelining.the_addsub/i_lut6.i_lut6_addsub/carry_simple_3
    SLICE_X0Y50          CARRY4 (Prop_carry4_CI_CO[3])
                                                      0.114     1.784 r  top_traffic_design_i/c_counter_binary_0/U0/i_synth/i_baseblox.i_baseblox_counter/the_addsub/no_pipelining.the_addsub/i_lut6.i_lut6_addsub/i_simple_model.i_gt_1.carrychaingen[4].carrymux_CARRY4/CO[3]
                         net (fo=1, routed)           0.000     1.784    top_traffic_design_i/c_counter_binary_0/U0/i_synth/i_baseblox.i_baseblox_counter/the_addsub/no_pipelining.the_addsub/i_lut6.i_lut6_addsub/carry_simple_7
    SLICE_X0Y51          CARRY4 (Prop_carry4_CI_CO[3])
                                                      0.114     1.898 r  top_traffic_design_i/c_counter_binary_0/U0/i_synth/i_baseblox.i_baseblox_counter/the_addsub/no_pipelining.the_addsub/i_lut6.i_lut6_addsub/i_simple_model.i_gt_1.carrychaingen[8].carrymux_CARRY4/CO[3]
                         net (fo=1, routed)           0.000     1.898    top_traffic_design_i/c_counter_binary_0/U0/i_synth/i_baseblox.i_baseblox_counter/the_addsub/no_pipelining.the_addsub/i_lut6.i_lut6_addsub/carry_simple_11
    SLICE_X0Y52          CARRY4 (Prop_carry4_CI_O[1])
                                                      0.334     2.232 r  top_traffic_design_i/c_counter_binary_0/U0/i_synth/i_baseblox.i_baseblox_counter/the_addsub/no_pipelining.the_addsub/i_lut6.i_lut6_addsub/i_simple_model.i_gt_1.carrychaingen[12].carrymux_CARRY4/O[1]
                         net (fo=1, routed)           0.000     2.232    top_traffic_design_i/c_counter_binary_0/U0/i_synth/i_baseblox.i_baseblox_counter/the_addsub/no_pipelining.the_addsub/i_lut6.i_lut6_addsub/i_q.i_simple.qreg/s[13]
    SLICE_X0Y52          FDRE                                         r  top_traffic_design_i/c_counter_binary_0/U0/i_synth/i_baseblox.i_baseblox_counter/the_addsub/no_pipelining.the_addsub/i_lut6.i_lut6_addsub/i_q.i_simple.qreg/i_no_async_controls.output_reg[14]/D
  -------------------------------------------------------------------    -------------------

Slack:                    inf
  Source:                 top_traffic_design_i/c_counter_binary_0/U0/i_synth/i_baseblox.i_baseblox_counter/the_addsub/no_pipelining.the_addsub/i_lut6.i_lut6_addsub/i_q.i_simple.qreg/i_no_async_controls.output_reg[2]/C
                            (rising edge-triggered cell FDRE)
  Destination:            top_traffic_design_i/c_counter_binary_0/U0/i_synth/i_baseblox.i_baseblox_counter/the_addsub/no_pipelining.the_addsub/i_lut6.i_lut6_addsub/i_q.i_simple.qreg/i_no_async_controls.output_reg[16]/D
  Path Group:             (none)
  Path Type:              Max at Slow Process Corner
  Data Path Delay:        2.211ns  (logic 1.671ns (75.592%)  route 0.540ns (24.408%))
  Logic Levels:           5  (CARRY4=4 FDRE=1)

    Location             Delay type                Incr(ns)  Path(ns)    Netlist Resource(s)
  -------------------------------------------------------------------    -------------------
    SLICE_X0Y49          FDRE                         0.000     0.000 r  top_traffic_design_i/c_counter_binary_0/U0/i_synth/i_baseblox.i_baseblox_counter/the_addsub/no_pipelining.the_addsub/i_lut6.i_lut6_addsub/i_q.i_simple.qreg/i_no_async_controls.output_reg[2]/C
    SLICE_X0Y49          FDRE (Prop_fdre_C_Q)         0.456     0.456 r  top_traffic_design_i/c_counter_binary_0/U0/i_synth/i_baseblox.i_baseblox_counter/the_addsub/no_pipelining.the_addsub/i_lut6.i_lut6_addsub/i_q.i_simple.qreg/i_no_async_controls.output_reg[2]/Q
                         net (fo=1, routed)           0.539     0.995    top_traffic_design_i/c_counter_binary_0/U0/i_synth/i_baseblox.i_baseblox_counter/the_addsub/no_pipelining.the_addsub/i_lut6.i_lut6_addsub/Q[1]
    SLICE_X0Y49          CARRY4 (Prop_carry4_S[1]_CO[3])
                                                      0.674     1.669 r  top_traffic_design_i/c_counter_binary_0/U0/i_synth/i_baseblox.i_baseblox_counter/the_addsub/no_pipelining.the_addsub/i_lut6.i_lut6_addsub/i_simple_model.carrymux0_CARRY4/CO[3]
                         net (fo=1, routed)           0.001     1.670    top_traffic_design_i/c_counter_binary_0/U0/i_synth/i_baseblox.i_baseblox_counter/the_addsub/no_pipelining.the_addsub/i_lut6.i_lut6_addsub/carry_simple_3
    SLICE_X0Y50          CARRY4 (Prop_carry4_CI_CO[3])
                                                      0.114     1.784 r  top_traffic_design_i/c_counter_binary_0/U0/i_synth/i_baseblox.i_baseblox_counter/the_addsub/no_pipelining.the_addsub/i_lut6.i_lut6_addsub/i_simple_model.i_gt_1.carrychaingen[4].carrymux_CARRY4/CO[3]
                         net (fo=1, routed)           0.000     1.784    top_traffic_design_i/c_counter_binary_0/U0/i_synth/i_baseblox.i_baseblox_counter/the_addsub/no_pipelining.the_addsub/i_lut6.i_lut6_addsub/carry_simple_7
    SLICE_X0Y51          CARRY4 (Prop_carry4_CI_CO[3])
                                                      0.114     1.898 r  top_traffic_design_i/c_counter_binary_0/U0/i_synth/i_baseblox.i_baseblox_counter/the_addsub/no_pipelining.the_addsub/i_lut6.i_lut6_addsub/i_simple_model.i_gt_1.carrychaingen[8].carrymux_CARRY4/CO[3]
                         net (fo=1, routed)           0.000     1.898    top_traffic_design_i/c_counter_binary_0/U0/i_synth/i_baseblox.i_baseblox_counter/the_addsub/no_pipelining.the_addsub/i_lut6.i_lut6_addsub/carry_simple_11
    SLICE_X0Y52          CARRY4 (Prop_carry4_CI_O[3])
                                                      0.313     2.211 r  top_traffic_design_i/c_counter_binary_0/U0/i_synth/i_baseblox.i_baseblox_counter/the_addsub/no_pipelining.the_addsub/i_lut6.i_lut6_addsub/i_simple_model.i_gt_1.carrychaingen[12].carrymux_CARRY4/O[3]
                         net (fo=1, routed)           0.000     2.211    top_traffic_design_i/c_counter_binary_0/U0/i_synth/i_baseblox.i_baseblox_counter/the_addsub/no_pipelining.the_addsub/i_lut6.i_lut6_addsub/i_q.i_simple.qreg/s[15]
    SLICE_X0Y52          FDRE                                         r  top_traffic_design_i/c_counter_binary_0/U0/i_synth/i_baseblox.i_baseblox_counter/the_addsub/no_pipelining.the_addsub/i_lut6.i_lut6_addsub/i_q.i_simple.qreg/i_no_async_controls.output_reg[16]/D
  -------------------------------------------------------------------    -------------------

Slack:                    inf
  Source:                 top_traffic_design_i/c_counter_binary_0/U0/i_synth/i_baseblox.i_baseblox_counter/the_addsub/no_pipelining.the_addsub/i_lut6.i_lut6_addsub/i_q.i_simple.qreg/i_no_async_controls.output_reg[2]/C
                            (rising edge-triggered cell FDRE)
  Destination:            top_traffic_design_i/c_counter_binary_0/U0/i_synth/i_baseblox.i_baseblox_counter/the_addsub/no_pipelining.the_addsub/i_lut6.i_lut6_addsub/i_q.i_simple.qreg/i_no_async_controls.output_reg[15]/D
  Path Group:             (none)
  Path Type:              Max at Slow Process Corner
  Data Path Delay:        2.137ns  (logic 1.597ns (74.747%)  route 0.540ns (25.253%))
  Logic Levels:           5  (CARRY4=4 FDRE=1)

    Location             Delay type                Incr(ns)  Path(ns)    Netlist Resource(s)
  -------------------------------------------------------------------    -------------------
    SLICE_X0Y49          FDRE                         0.000     0.000 r  top_traffic_design_i/c_counter_binary_0/U0/i_synth/i_baseblox.i_baseblox_counter/the_addsub/no_pipelining.the_addsub/i_lut6.i_lut6_addsub/i_q.i_simple.qreg/i_no_async_controls.output_reg[2]/C
    SLICE_X0Y49          FDRE (Prop_fdre_C_Q)         0.456     0.456 r  top_traffic_design_i/c_counter_binary_0/U0/i_synth/i_baseblox.i_baseblox_counter/the_addsub/no_pipelining.the_addsub/i_lut6.i_lut6_addsub/i_q.i_simple.qreg/i_no_async_controls.output_reg[2]/Q
                         net (fo=1, routed)           0.539     0.995    top_traffic_design_i/c_counter_binary_0/U0/i_synth/i_baseblox.i_baseblox_counter/the_addsub/no_pipelining.the_addsub/i_lut6.i_lut6_addsub/Q[1]
    SLICE_X0Y49          CARRY4 (Prop_carry4_S[1]_CO[3])
                                                      0.674     1.669 r  top_traffic_design_i/c_counter_binary_0/U0/i_synth/i_baseblox.i_baseblox_counter/the_addsub/no_pipelining.the_addsub/i_lut6.i_lut6_addsub/i_simple_model.carrymux0_CARRY4/CO[3]
                         net (fo=1, routed)           0.001     1.670    top_traffic_design_i/c_counter_binary_0/U0/i_synth/i_baseblox.i_baseblox_counter/the_addsub/no_pipelining.the_addsub/i_lut6.i_lut6_addsub/carry_simple_3
    SLICE_X0Y50          CARRY4 (Prop_carry4_CI_CO[3])
                                                      0.114     1.784 r  top_traffic_design_i/c_counter_binary_0/U0/i_synth/i_baseblox.i_baseblox_counter/the_addsub/no_pipelining.the_addsub/i_lut6.i_lut6_addsub/i_simple_model.i_gt_1.carrychaingen[4].carrymux_CARRY4/CO[3]
                         net (fo=1, routed)           0.000     1.784    top_traffic_design_i/c_counter_binary_0/U0/i_synth/i_baseblox.i_baseblox_counter/the_addsub/no_pipelining.the_addsub/i_lut6.i_lut6_addsub/carry_simple_7
    SLICE_X0Y51          CARRY4 (Prop_carry4_CI_CO[3])
                                                      0.114     1.898 r  top_traffic_design_i/c_counter_binary_0/U0/i_synth/i_baseblox.i_baseblox_counter/the_addsub/no_pipelining.the_addsub/i_lut6.i_lut6_addsub/i_simple_model.i_gt_1.carrychaingen[8].carrymux_CARRY4/CO[3]
                         net (fo=1, routed)           0.000     1.898    top_traffic_design_i/c_counter_binary_0/U0/i_synth/i_baseblox.i_baseblox_counter/the_addsub/no_pipelining.the_addsub/i_lut6.i_lut6_addsub/carry_simple_11
    SLICE_X0Y52          CARRY4 (Prop_carry4_CI_O[2])
                                                      0.239     2.137 r  top_traffic_design_i/c_counter_binary_0/U0/i_synth/i_baseblox.i_baseblox_counter/the_addsub/no_pipelining.the_addsub/i_lut6.i_lut6_addsub/i_simple_model.i_gt_1.carrychaingen[12].carrymux_CARRY4/O[2]
                         net (fo=1, routed)           0.000     2.137    top_traffic_design_i/c_counter_binary_0/U0/i_synth/i_baseblox.i_baseblox_counter/the_addsub/no_pipelining.the_addsub/i_lut6.i_lut6_addsub/i_q.i_simple.qreg/s[14]
    SLICE_X0Y52          FDRE                                         r  top_traffic_design_i/c_counter_binary_0/U0/i_synth/i_baseblox.i_baseblox_counter/the_addsub/no_pipelining.the_addsub/i_lut6.i_lut6_addsub/i_q.i_simple.qreg/i_no_async_controls.output_reg[15]/D
  -------------------------------------------------------------------    -------------------

Slack:                    inf
  Source:                 top_traffic_design_i/c_counter_binary_0/U0/i_synth/i_baseblox.i_baseblox_counter/the_addsub/no_pipelining.the_addsub/i_lut6.i_lut6_addsub/i_q.i_simple.qreg/i_no_async_controls.output_reg[2]/C
                            (rising edge-triggered cell FDRE)
  Destination:            top_traffic_design_i/c_counter_binary_0/U0/i_synth/i_baseblox.i_baseblox_counter/the_addsub/no_pipelining.the_addsub/i_lut6.i_lut6_addsub/i_q.i_simple.qreg/i_no_async_controls.output_reg[13]/D
  Path Group:             (none)
  Path Type:              Max at Slow Process Corner
  Data Path Delay:        2.121ns  (logic 1.581ns (74.556%)  route 0.540ns (25.444%))
  Logic Levels:           5  (CARRY4=4 FDRE=1)

    Location             Delay type                Incr(ns)  Path(ns)    Netlist Resource(s)
  -------------------------------------------------------------------    -------------------
    SLICE_X0Y49          FDRE                         0.000     0.000 r  top_traffic_design_i/c_counter_binary_0/U0/i_synth/i_baseblox.i_baseblox_counter/the_addsub/no_pipelining.the_addsub/i_lut6.i_lut6_addsub/i_q.i_simple.qreg/i_no_async_controls.output_reg[2]/C
    SLICE_X0Y49          FDRE (Prop_fdre_C_Q)         0.456     0.456 r  top_traffic_design_i/c_counter_binary_0/U0/i_synth/i_baseblox.i_baseblox_counter/the_addsub/no_pipelining.the_addsub/i_lut6.i_lut6_addsub/i_q.i_simple.qreg/i_no_async_controls.output_reg[2]/Q
                         net (fo=1, routed)           0.539     0.995    top_traffic_design_i/c_counter_binary_0/U0/i_synth/i_baseblox.i_baseblox_counter/the_addsub/no_pipelining.the_addsub/i_lut6.i_lut6_addsub/Q[1]
    SLICE_X0Y49          CARRY4 (Prop_carry4_S[1]_CO[3])
                                                      0.674     1.669 r  top_traffic_design_i/c_counter_binary_0/U0/i_synth/i_baseblox.i_baseblox_counter/the_addsub/no_pipelining.the_addsub/i_lut6.i_lut6_addsub/i_simple_model.carrymux0_CARRY4/CO[3]
                         net (fo=1, routed)           0.001     1.670    top_traffic_design_i/c_counter_binary_0/U0/i_synth/i_baseblox.i_baseblox_counter/the_addsub/no_pipelining.the_addsub/i_lut6.i_lut6_addsub/carry_simple_3
    SLICE_X0Y50          CARRY4 (Prop_carry4_CI_CO[3])
                                                      0.114     1.784 r  top_traffic_design_i/c_counter_binary_0/U0/i_synth/i_baseblox.i_baseblox_counter/the_addsub/no_pipelining.the_addsub/i_lut6.i_lut6_addsub/i_simple_model.i_gt_1.carrychaingen[4].carrymux_CARRY4/CO[3]
                         net (fo=1, routed)           0.000     1.784    top_traffic_design_i/c_counter_binary_0/U0/i_synth/i_baseblox.i_baseblox_counter/the_addsub/no_pipelining.the_addsub/i_lut6.i_lut6_addsub/carry_simple_7
    SLICE_X0Y51          CARRY4 (Prop_carry4_CI_CO[3])
                                                      0.114     1.898 r  top_traffic_design_i/c_counter_binary_0/U0/i_synth/i_baseblox.i_baseblox_counter/the_addsub/no_pipelining.the_addsub/i_lut6.i_lut6_addsub/i_simple_model.i_gt_1.carrychaingen[8].carrymux_CARRY4/CO[3]
                         net (fo=1, routed)           0.000     1.898    top_traffic_design_i/c_counter_binary_0/U0/i_synth/i_baseblox.i_baseblox_counter/the_addsub/no_pipelining.the_addsub/i_lut6.i_lut6_addsub/carry_simple_11
    SLICE_X0Y52          CARRY4 (Prop_carry4_CI_O[0])
                                                      0.223     2.121 r  top_traffic_design_i/c_counter_binary_0/U0/i_synth/i_baseblox.i_baseblox_counter/the_addsub/no_pipelining.the_addsub/i_lut6.i_lut6_addsub/i_simple_model.i_gt_1.carrychaingen[12].carrymux_CARRY4/O[0]
                         net (fo=1, routed)           0.000     2.121    top_traffic_design_i/c_counter_binary_0/U0/i_synth/i_baseblox.i_baseblox_counter/the_addsub/no_pipelining.the_addsub/i_lut6.i_lut6_addsub/i_q.i_simple.qreg/s[12]
    SLICE_X0Y52          FDRE                                         r  top_traffic_design_i/c_counter_binary_0/U0/i_synth/i_baseblox.i_baseblox_counter/the_addsub/no_pipelining.the_addsub/i_lut6.i_lut6_addsub/i_q.i_simple.qreg/i_no_async_controls.output_reg[13]/D
  -------------------------------------------------------------------    -------------------

Slack:                    inf
  Source:                 top_traffic_design_i/c_counter_binary_0/U0/i_synth/i_baseblox.i_baseblox_counter/the_addsub/no_pipelining.the_addsub/i_lut6.i_lut6_addsub/i_q.i_simple.qreg/i_no_async_controls.output_reg[2]/C
                            (rising edge-triggered cell FDRE)
  Destination:            top_traffic_design_i/c_counter_binary_0/U0/i_synth/i_baseblox.i_baseblox_counter/the_addsub/no_pipelining.the_addsub/i_lut6.i_lut6_addsub/i_q.i_simple.qreg/i_no_async_controls.output_reg[10]/D
  Path Group:             (none)
  Path Type:              Max at Slow Process Corner
  Data Path Delay:        2.118ns  (logic 1.578ns (74.520%)  route 0.540ns (25.480%))
  Logic Levels:           4  (CARRY4=3 FDRE=1)

    Location             Delay type                Incr(ns)  Path(ns)    Netlist Resource(s)
  -------------------------------------------------------------------    -------------------
    SLICE_X0Y49          FDRE                         0.000     0.000 r  top_traffic_design_i/c_counter_binary_0/U0/i_synth/i_baseblox.i_baseblox_counter/the_addsub/no_pipelining.the_addsub/i_lut6.i_lut6_addsub/i_q.i_simple.qreg/i_no_async_controls.output_reg[2]/C
    SLICE_X0Y49          FDRE (Prop_fdre_C_Q)         0.456     0.456 r  top_traffic_design_i/c_counter_binary_0/U0/i_synth/i_baseblox.i_baseblox_counter/the_addsub/no_pipelining.the_addsub/i_lut6.i_lut6_addsub/i_q.i_simple.qreg/i_no_async_controls.output_reg[2]/Q
                         net (fo=1, routed)           0.539     0.995    top_traffic_design_i/c_counter_binary_0/U0/i_synth/i_baseblox.i_baseblox_counter/the_addsub/no_pipelining.the_addsub/i_lut6.i_lut6_addsub/Q[1]
    SLICE_X0Y49          CARRY4 (Prop_carry4_S[1]_CO[3])
                                                      0.674     1.669 r  top_traffic_design_i/c_counter_binary_0/U0/i_synth/i_baseblox.i_baseblox_counter/the_addsub/no_pipelining.the_addsub/i_lut6.i_lut6_addsub/i_simple_model.carrymux0_CARRY4/CO[3]
                         net (fo=1, routed)           0.001     1.670    top_traffic_design_i/c_counter_binary_0/U0/i_synth/i_baseblox.i_baseblox_counter/the_addsub/no_pipelining.the_addsub/i_lut6.i_lut6_addsub/carry_simple_3
    SLICE_X0Y50          CARRY4 (Prop_carry4_CI_CO[3])
                                                      0.114     1.784 r  top_traffic_design_i/c_counter_binary_0/U0/i_synth/i_baseblox.i_baseblox_counter/the_addsub/no_pipelining.the_addsub/i_lut6.i_lut6_addsub/i_simple_model.i_gt_1.carrychaingen[4].carrymux_CARRY4/CO[3]
                         net (fo=1, routed)           0.000     1.784    top_traffic_design_i/c_counter_binary_0/U0/i_synth/i_baseblox.i_baseblox_counter/the_addsub/no_pipelining.the_addsub/i_lut6.i_lut6_addsub/carry_simple_7
    SLICE_X0Y51          CARRY4 (Prop_carry4_CI_O[1])
                                                      0.334     2.118 r  top_traffic_design_i/c_counter_binary_0/U0/i_synth/i_baseblox.i_baseblox_counter/the_addsub/no_pipelining.the_addsub/i_lut6.i_lut6_addsub/i_simple_model.i_gt_1.carrychaingen[8].carrymux_CARRY4/O[1]
                         net (fo=1, routed)           0.000     2.118    top_traffic_design_i/c_counter_binary_0/U0/i_synth/i_baseblox.i_baseblox_counter/the_addsub/no_pipelining.the_addsub/i_lut6.i_lut6_addsub/i_q.i_simple.qreg/s[9]
    SLICE_X0Y51          FDRE                                         r  top_traffic_design_i/c_counter_binary_0/U0/i_synth/i_baseblox.i_baseblox_counter/the_addsub/no_pipelining.the_addsub/i_lut6.i_lut6_addsub/i_q.i_simple.qreg/i_no_async_controls.output_reg[10]/D
  -------------------------------------------------------------------    -------------------

Slack:                    inf
  Source:                 top_traffic_design_i/c_counter_binary_0/U0/i_synth/i_baseblox.i_baseblox_counter/the_addsub/no_pipelining.the_addsub/i_lut6.i_lut6_addsub/i_q.i_simple.qreg/i_no_async_controls.output_reg[2]/C
                            (rising edge-triggered cell FDRE)
  Destination:            top_traffic_design_i/c_counter_binary_0/U0/i_synth/i_baseblox.i_baseblox_counter/the_addsub/no_pipelining.the_addsub/i_lut6.i_lut6_addsub/i_q.i_simple.qreg/i_no_async_controls.output_reg[12]/D
  Path Group:             (none)
  Path Type:              Max at Slow Process Corner
  Data Path Delay:        2.097ns  (logic 1.557ns (74.265%)  route 0.540ns (25.735%))
  Logic Levels:           4  (CARRY4=3 FDRE=1)

    Location             Delay type                Incr(ns)  Path(ns)    Netlist Resource(s)
  -------------------------------------------------------------------    -------------------
    SLICE_X0Y49          FDRE                         0.000     0.000 r  top_traffic_design_i/c_counter_binary_0/U0/i_synth/i_baseblox.i_baseblox_counter/the_addsub/no_pipelining.the_addsub/i_lut6.i_lut6_addsub/i_q.i_simple.qreg/i_no_async_controls.output_reg[2]/C
    SLICE_X0Y49          FDRE (Prop_fdre_C_Q)         0.456     0.456 r  top_traffic_design_i/c_counter_binary_0/U0/i_synth/i_baseblox.i_baseblox_counter/the_addsub/no_pipelining.the_addsub/i_lut6.i_lut6_addsub/i_q.i_simple.qreg/i_no_async_controls.output_reg[2]/Q
                         net (fo=1, routed)           0.539     0.995    top_traffic_design_i/c_counter_binary_0/U0/i_synth/i_baseblox.i_baseblox_counter/the_addsub/no_pipelining.the_addsub/i_lut6.i_lut6_addsub/Q[1]
    SLICE_X0Y49          CARRY4 (Prop_carry4_S[1]_CO[3])
                                                      0.674     1.669 r  top_traffic_design_i/c_counter_binary_0/U0/i_synth/i_baseblox.i_baseblox_counter/the_addsub/no_pipelining.the_addsub/i_lut6.i_lut6_addsub/i_simple_model.carrymux0_CARRY4/CO[3]
                         net (fo=1, routed)           0.001     1.670    top_traffic_design_i/c_counter_binary_0/U0/i_synth/i_baseblox.i_baseblox_counter/the_addsub/no_pipelining.the_addsub/i_lut6.i_lut6_addsub/carry_simple_3
    SLICE_X0Y50          CARRY4 (Prop_carry4_CI_CO[3])
                                                      0.114     1.784 r  top_traffic_design_i/c_counter_binary_0/U0/i_synth/i_baseblox.i_baseblox_counter/the_addsub/no_pipelining.the_addsub/i_lut6.i_lut6_addsub/i_simple_model.i_gt_1.carrychaingen[4].carrymux_CARRY4/CO[3]
                         net (fo=1, routed)           0.000     1.784    top_traffic_design_i/c_counter_binary_0/U0/i_synth/i_baseblox.i_baseblox_counter/the_addsub/no_pipelining.the_addsub/i_lut6.i_lut6_addsub/carry_simple_7
    SLICE_X0Y51          CARRY4 (Prop_carry4_CI_O[3])
                                                      0.313     2.097 r  top_traffic_design_i/c_counter_binary_0/U0/i_synth/i_baseblox.i_baseblox_counter/the_addsub/no_pipelining.the_addsub/i_lut6.i_lut6_addsub/i_simple_model.i_gt_1.carrychaingen[8].carrymux_CARRY4/O[3]
                         net (fo=1, routed)           0.000     2.097    top_traffic_design_i/c_counter_binary_0/U0/i_synth/i_baseblox.i_baseblox_counter/the_addsub/no_pipelining.the_addsub/i_lut6.i_lut6_addsub/i_q.i_simple.qreg/s[11]
    SLICE_X0Y51          FDRE                                         r  top_traffic_design_i/c_counter_binary_0/U0/i_synth/i_baseblox.i_baseblox_counter/the_addsub/no_pipelining.the_addsub/i_lut6.i_lut6_addsub/i_q.i_simple.qreg/i_no_async_controls.output_reg[12]/D
  -------------------------------------------------------------------    -------------------

Slack:                    inf
  Source:                 top_traffic_design_i/c_counter_binary_0/U0/i_synth/i_baseblox.i_baseblox_counter/the_addsub/no_pipelining.the_addsub/i_lut6.i_lut6_addsub/i_q.i_simple.qreg/i_no_async_controls.output_reg[2]/C
                            (rising edge-triggered cell FDRE)
  Destination:            top_traffic_design_i/c_counter_binary_0/U0/i_synth/i_baseblox.i_baseblox_counter/the_addsub/no_pipelining.the_addsub/i_lut6.i_lut6_addsub/i_q.i_simple.qreg/i_no_async_controls.output_reg[11]/D
  Path Group:             (none)
  Path Type:              Max at Slow Process Corner
  Data Path Delay:        2.023ns  (logic 1.483ns (73.323%)  route 0.540ns (26.677%))
  Logic Levels:           4  (CARRY4=3 FDRE=1)

    Location             Delay type                Incr(ns)  Path(ns)    Netlist Resource(s)
  -------------------------------------------------------------------    -------------------
    SLICE_X0Y49          FDRE                         0.000     0.000 r  top_traffic_design_i/c_counter_binary_0/U0/i_synth/i_baseblox.i_baseblox_counter/the_addsub/no_pipelining.the_addsub/i_lut6.i_lut6_addsub/i_q.i_simple.qreg/i_no_async_controls.output_reg[2]/C
    SLICE_X0Y49          FDRE (Prop_fdre_C_Q)         0.456     0.456 r  top_traffic_design_i/c_counter_binary_0/U0/i_synth/i_baseblox.i_baseblox_counter/the_addsub/no_pipelining.the_addsub/i_lut6.i_lut6_addsub/i_q.i_simple.qreg/i_no_async_controls.output_reg[2]/Q
                         net (fo=1, routed)           0.539     0.995    top_traffic_design_i/c_counter_binary_0/U0/i_synth/i_baseblox.i_baseblox_counter/the_addsub/no_pipelining.the_addsub/i_lut6.i_lut6_addsub/Q[1]
    SLICE_X0Y49          CARRY4 (Prop_carry4_S[1]_CO[3])
                                                      0.674     1.669 r  top_traffic_design_i/c_counter_binary_0/U0/i_synth/i_baseblox.i_baseblox_counter/the_addsub/no_pipelining.the_addsub/i_lut6.i_lut6_addsub/i_simple_model.carrymux0_CARRY4/CO[3]
                         net (fo=1, routed)           0.001     1.670    top_traffic_design_i/c_counter_binary_0/U0/i_synth/i_baseblox.i_baseblox_counter/the_addsub/no_pipelining.the_addsub/i_lut6.i_lut6_addsub/carry_simple_3
    SLICE_X0Y50          CARRY4 (Prop_carry4_CI_CO[3])
                                                      0.114     1.784 r  top_traffic_design_i/c_counter_binary_0/U0/i_synth/i_baseblox.i_baseblox_counter/the_addsub/no_pipelining.the_addsub/i_lut6.i_lut6_addsub/i_simple_model.i_gt_1.carrychaingen[4].carrymux_CARRY4/CO[3]
                         net (fo=1, routed)           0.000     1.784    top_traffic_design_i/c_counter_binary_0/U0/i_synth/i_baseblox.i_baseblox_counter/the_addsub/no_pipelining.the_addsub/i_lut6.i_lut6_addsub/carry_simple_7
    SLICE_X0Y51          CARRY4 (Prop_carry4_CI_O[2])
                                                      0.239     2.023 r  top_traffic_design_i/c_counter_binary_0/U0/i_synth/i_baseblox.i_baseblox_counter/the_addsub/no_pipelining.the_addsub/i_lut6.i_lut6_addsub/i_simple_model.i_gt_1.carrychaingen[8].carrymux_CARRY4/O[2]
                         net (fo=1, routed)           0.000     2.023    top_traffic_design_i/c_counter_binary_0/U0/i_synth/i_baseblox.i_baseblox_counter/the_addsub/no_pipelining.the_addsub/i_lut6.i_lut6_addsub/i_q.i_simple.qreg/s[10]
    SLICE_X0Y51          FDRE                                         r  top_traffic_design_i/c_counter_binary_0/U0/i_synth/i_baseblox.i_baseblox_counter/the_addsub/no_pipelining.the_addsub/i_lut6.i_lut6_addsub/i_q.i_simple.qreg/i_no_async_controls.output_reg[11]/D
  -------------------------------------------------------------------    -------------------





Min Delay Paths
--------------------------------------------------------------------------------------
Slack:                    inf
  Source:                 top_traffic_design_i/top_0/U0/cnt_reg[1]/G
                            (positive level-sensitive latch)
  Destination:            top_traffic_design_i/top_0/U0/FSM_sequential_current_state_reg[0]/D
  Path Group:             (none)
  Path Type:              Min at Fast Process Corner
  Data Path Delay:        0.365ns  (logic 0.208ns (56.943%)  route 0.157ns (43.057%))
  Logic Levels:           2  (LDCE=1 LUT3=1)

    Location             Delay type                Incr(ns)  Path(ns)    Netlist Resource(s)
  -------------------------------------------------------------------    -------------------
    SLICE_X1Y121         LDCE                         0.000     0.000 r  top_traffic_design_i/top_0/U0/cnt_reg[1]/G
    SLICE_X1Y121         LDCE (EnToQ_ldce_G_Q)        0.163     0.163 r  top_traffic_design_i/top_0/U0/cnt_reg[1]/Q
                         net (fo=4, routed)           0.157     0.320    top_traffic_design_i/top_0/U0/cnt_reg_n_0_[1]
    SLICE_X0Y121         LUT3 (Prop_lut3_I0_O)        0.045     0.365 r  top_traffic_design_i/top_0/U0/FSM_sequential_current_state[0]_i_1/O
                         net (fo=1, routed)           0.000     0.365    top_traffic_design_i/top_0/U0/next_state[0]
    SLICE_X0Y121         FDRE                                         r  top_traffic_design_i/top_0/U0/FSM_sequential_current_state_reg[0]/D
  -------------------------------------------------------------------    -------------------

Slack:                    inf
  Source:                 top_traffic_design_i/top_0/U0/FSM_sequential_current_state_reg[1]/C
                            (rising edge-triggered cell FDRE)
  Destination:            top_traffic_design_i/top_0/U0/FSM_sequential_current_state_reg[1]/D
  Path Group:             (none)
  Path Type:              Min at Fast Process Corner
  Data Path Delay:        0.370ns  (logic 0.186ns (50.311%)  route 0.184ns (49.689%))
  Logic Levels:           2  (FDRE=1 LUT2=1)

    Location             Delay type                Incr(ns)  Path(ns)    Netlist Resource(s)
  -------------------------------------------------------------------    -------------------
    SLICE_X0Y122         FDRE                         0.000     0.000 r  top_traffic_design_i/top_0/U0/FSM_sequential_current_state_reg[1]/C
    SLICE_X0Y122         FDRE (Prop_fdre_C_Q)         0.141     0.141 r  top_traffic_design_i/top_0/U0/FSM_sequential_current_state_reg[1]/Q
                         net (fo=3, routed)           0.184     0.325    top_traffic_design_i/top_0/U0/current_state[1]
    SLICE_X0Y122         LUT2 (Prop_lut2_I1_O)        0.045     0.370 r  top_traffic_design_i/top_0/U0/FSM_sequential_current_state[1]_i_1/O
                         net (fo=1, routed)           0.000     0.370    top_traffic_design_i/top_0/U0/next_state[1]
    SLICE_X0Y122         FDRE                                         r  top_traffic_design_i/top_0/U0/FSM_sequential_current_state_reg[1]/D
  -------------------------------------------------------------------    -------------------

Slack:                    inf
  Source:                 top_traffic_design_i/top_0/U0/cnt_reg[0]/G
                            (positive level-sensitive latch)
  Destination:            top_traffic_design_i/top_0/U0/cnt_reg[0]/D
  Path Group:             (none)
  Path Type:              Min at Fast Process Corner
  Data Path Delay:        0.372ns  (logic 0.205ns (55.077%)  route 0.167ns (44.923%))
  Logic Levels:           2  (LDCE=1 LUT3=1)

    Location             Delay type                Incr(ns)  Path(ns)    Netlist Resource(s)
  -------------------------------------------------------------------    -------------------
    SLICE_X1Y121         LDCE                         0.000     0.000 r  top_traffic_design_i/top_0/U0/cnt_reg[0]/G
    SLICE_X1Y121         LDCE (EnToQ_ldce_G_Q)        0.163     0.163 f  top_traffic_design_i/top_0/U0/cnt_reg[0]/Q
                         net (fo=3, routed)           0.167     0.330    top_traffic_design_i/top_0/U0/cnt_reg_n_0_[0]
    SLICE_X1Y121         LUT3 (Prop_lut3_I2_O)        0.042     0.372 r  top_traffic_design_i/top_0/U0/cnt_reg[0]_i_1/O
                         net (fo=1, routed)           0.000     0.372    top_traffic_design_i/top_0/U0/cnt_reg[0]_i_1_n_0
    SLICE_X1Y121         LDCE                                         r  top_traffic_design_i/top_0/U0/cnt_reg[0]/D
  -------------------------------------------------------------------    -------------------

Slack:                    inf
  Source:                 top_traffic_design_i/c_counter_binary_0/U0/i_synth/i_baseblox.i_baseblox_counter/the_addsub/no_pipelining.the_addsub/i_lut6.i_lut6_addsub/i_q.i_simple.qreg/i_no_async_controls.output_reg[11]/C
                            (rising edge-triggered cell FDRE)
  Destination:            top_traffic_design_i/c_counter_binary_0/U0/i_synth/i_baseblox.i_baseblox_counter/the_addsub/no_pipelining.the_addsub/i_lut6.i_lut6_addsub/i_q.i_simple.qreg/i_no_async_controls.output_reg[11]/D
  Path Group:             (none)
  Path Type:              Min at Fast Process Corner
  Data Path Delay:        0.373ns  (logic 0.252ns (67.478%)  route 0.121ns (32.522%))
  Logic Levels:           2  (CARRY4=1 FDRE=1)

    Location             Delay type                Incr(ns)  Path(ns)    Netlist Resource(s)
  -------------------------------------------------------------------    -------------------
    SLICE_X0Y51          FDRE                         0.000     0.000 r  top_traffic_design_i/c_counter_binary_0/U0/i_synth/i_baseblox.i_baseblox_counter/the_addsub/no_pipelining.the_addsub/i_lut6.i_lut6_addsub/i_q.i_simple.qreg/i_no_async_controls.output_reg[11]/C
    SLICE_X0Y51          FDRE (Prop_fdre_C_Q)         0.141     0.141 r  top_traffic_design_i/c_counter_binary_0/U0/i_synth/i_baseblox.i_baseblox_counter/the_addsub/no_pipelining.the_addsub/i_lut6.i_lut6_addsub/i_q.i_simple.qreg/i_no_async_controls.output_reg[11]/Q
                         net (fo=1, routed)           0.121     0.262    top_traffic_design_i/c_counter_binary_0/U0/i_synth/i_baseblox.i_baseblox_counter/the_addsub/no_pipelining.the_addsub/i_lut6.i_lut6_addsub/Q[10]
    SLICE_X0Y51          CARRY4 (Prop_carry4_S[2]_O[2])
                                                      0.111     0.373 r  top_traffic_design_i/c_counter_binary_0/U0/i_synth/i_baseblox.i_baseblox_counter/the_addsub/no_pipelining.the_addsub/i_lut6.i_lut6_addsub/i_simple_model.i_gt_1.carrychaingen[8].carrymux_CARRY4/O[2]
                         net (fo=1, routed)           0.000     0.373    top_traffic_design_i/c_counter_binary_0/U0/i_synth/i_baseblox.i_baseblox_counter/the_addsub/no_pipelining.the_addsub/i_lut6.i_lut6_addsub/i_q.i_simple.qreg/s[10]
    SLICE_X0Y51          FDRE                                         r  top_traffic_design_i/c_counter_binary_0/U0/i_synth/i_baseblox.i_baseblox_counter/the_addsub/no_pipelining.the_addsub/i_lut6.i_lut6_addsub/i_q.i_simple.qreg/i_no_async_controls.output_reg[11]/D
  -------------------------------------------------------------------    -------------------

Slack:                    inf
  Source:                 top_traffic_design_i/c_counter_binary_0/U0/i_synth/i_baseblox.i_baseblox_counter/the_addsub/no_pipelining.the_addsub/i_lut6.i_lut6_addsub/i_q.i_simple.qreg/i_no_async_controls.output_reg[3]/C
                            (rising edge-triggered cell FDRE)
  Destination:            top_traffic_design_i/c_counter_binary_0/U0/i_synth/i_baseblox.i_baseblox_counter/the_addsub/no_pipelining.the_addsub/i_lut6.i_lut6_addsub/i_q.i_simple.qreg/i_no_async_controls.output_reg[3]/D
  Path Group:             (none)
  Path Type:              Min at Fast Process Corner
  Data Path Delay:        0.373ns  (logic 0.252ns (67.478%)  route 0.121ns (32.522%))
  Logic Levels:           2  (CARRY4=1 FDRE=1)

    Location             Delay type                Incr(ns)  Path(ns)    Netlist Resource(s)
  -------------------------------------------------------------------    -------------------
    SLICE_X0Y49          FDRE                         0.000     0.000 r  top_traffic_design_i/c_counter_binary_0/U0/i_synth/i_baseblox.i_baseblox_counter/the_addsub/no_pipelining.the_addsub/i_lut6.i_lut6_addsub/i_q.i_simple.qreg/i_no_async_controls.output_reg[3]/C
    SLICE_X0Y49          FDRE (Prop_fdre_C_Q)         0.141     0.141 r  top_traffic_design_i/c_counter_binary_0/U0/i_synth/i_baseblox.i_baseblox_counter/the_addsub/no_pipelining.the_addsub/i_lut6.i_lut6_addsub/i_q.i_simple.qreg/i_no_async_controls.output_reg[3]/Q
                         net (fo=1, routed)           0.121     0.262    top_traffic_design_i/c_counter_binary_0/U0/i_synth/i_baseblox.i_baseblox_counter/the_addsub/no_pipelining.the_addsub/i_lut6.i_lut6_addsub/Q[2]
    SLICE_X0Y49          CARRY4 (Prop_carry4_S[2]_O[2])
                                                      0.111     0.373 r  top_traffic_design_i/c_counter_binary_0/U0/i_synth/i_baseblox.i_baseblox_counter/the_addsub/no_pipelining.the_addsub/i_lut6.i_lut6_addsub/i_simple_model.carrymux0_CARRY4/O[2]
                         net (fo=1, routed)           0.000     0.373    top_traffic_design_i/c_counter_binary_0/U0/i_synth/i_baseblox.i_baseblox_counter/the_addsub/no_pipelining.the_addsub/i_lut6.i_lut6_addsub/i_q.i_simple.qreg/s[2]
    SLICE_X0Y49          FDRE                                         r  top_traffic_design_i/c_counter_binary_0/U0/i_synth/i_baseblox.i_baseblox_counter/the_addsub/no_pipelining.the_addsub/i_lut6.i_lut6_addsub/i_q.i_simple.qreg/i_no_async_controls.output_reg[3]/D
  -------------------------------------------------------------------    -------------------

Slack:                    inf
  Source:                 top_traffic_design_i/c_counter_binary_0/U0/i_synth/i_baseblox.i_baseblox_counter/the_addsub/no_pipelining.the_addsub/i_lut6.i_lut6_addsub/i_q.i_simple.qreg/i_no_async_controls.output_reg[7]/C
                            (rising edge-triggered cell FDRE)
  Destination:            top_traffic_design_i/c_counter_binary_0/U0/i_synth/i_baseblox.i_baseblox_counter/the_addsub/no_pipelining.the_addsub/i_lut6.i_lut6_addsub/i_q.i_simple.qreg/i_no_async_controls.output_reg[7]/D
  Path Group:             (none)
  Path Type:              Min at Fast Process Corner
  Data Path Delay:        0.373ns  (logic 0.252ns (67.478%)  route 0.121ns (32.522%))
  Logic Levels:           2  (CARRY4=1 FDRE=1)

    Location             Delay type                Incr(ns)  Path(ns)    Netlist Resource(s)
  -------------------------------------------------------------------    -------------------
    SLICE_X0Y50          FDRE                         0.000     0.000 r  top_traffic_design_i/c_counter_binary_0/U0/i_synth/i_baseblox.i_baseblox_counter/the_addsub/no_pipelining.the_addsub/i_lut6.i_lut6_addsub/i_q.i_simple.qreg/i_no_async_controls.output_reg[7]/C
    SLICE_X0Y50          FDRE (Prop_fdre_C_Q)         0.141     0.141 r  top_traffic_design_i/c_counter_binary_0/U0/i_synth/i_baseblox.i_baseblox_counter/the_addsub/no_pipelining.the_addsub/i_lut6.i_lut6_addsub/i_q.i_simple.qreg/i_no_async_controls.output_reg[7]/Q
                         net (fo=1, routed)           0.121     0.262    top_traffic_design_i/c_counter_binary_0/U0/i_synth/i_baseblox.i_baseblox_counter/the_addsub/no_pipelining.the_addsub/i_lut6.i_lut6_addsub/Q[6]
    SLICE_X0Y50          CARRY4 (Prop_carry4_S[2]_O[2])
                                                      0.111     0.373 r  top_traffic_design_i/c_counter_binary_0/U0/i_synth/i_baseblox.i_baseblox_counter/the_addsub/no_pipelining.the_addsub/i_lut6.i_lut6_addsub/i_simple_model.i_gt_1.carrychaingen[4].carrymux_CARRY4/O[2]
                         net (fo=1, routed)           0.000     0.373    top_traffic_design_i/c_counter_binary_0/U0/i_synth/i_baseblox.i_baseblox_counter/the_addsub/no_pipelining.the_addsub/i_lut6.i_lut6_addsub/i_q.i_simple.qreg/s[6]
    SLICE_X0Y50          FDRE                                         r  top_traffic_design_i/c_counter_binary_0/U0/i_synth/i_baseblox.i_baseblox_counter/the_addsub/no_pipelining.the_addsub/i_lut6.i_lut6_addsub/i_q.i_simple.qreg/i_no_async_controls.output_reg[7]/D
  -------------------------------------------------------------------    -------------------

Slack:                    inf
  Source:                 top_traffic_design_i/top_0/U0/cnt_reg[0]/G
                            (positive level-sensitive latch)
  Destination:            top_traffic_design_i/top_0/U0/cnt_reg[2]/D
  Path Group:             (none)
  Path Type:              Min at Fast Process Corner
  Data Path Delay:        0.378ns  (logic 0.211ns (55.803%)  route 0.167ns (44.197%))
  Logic Levels:           2  (LDCE=1 LUT3=1)

    Location             Delay type                Incr(ns)  Path(ns)    Netlist Resource(s)
  -------------------------------------------------------------------    -------------------
    SLICE_X1Y121         LDCE                         0.000     0.000 r  top_traffic_design_i/top_0/U0/cnt_reg[0]/G
    SLICE_X1Y121         LDCE (EnToQ_ldce_G_Q)        0.163     0.163 r  top_traffic_design_i/top_0/U0/cnt_reg[0]/Q
                         net (fo=3, routed)           0.108     0.271    top_traffic_design_i/top_0/U0/cnt_reg_n_0_[0]
    SLICE_X0Y121         LUT3 (Prop_lut3_I0_O)        0.048     0.319 r  top_traffic_design_i/top_0/U0/cnt_reg[2]_i_1/O
                         net (fo=1, routed)           0.059     0.378    top_traffic_design_i/top_0/U0/cnt_reg[2]_i_1_n_0
    SLICE_X1Y121         LDCE                                         r  top_traffic_design_i/top_0/U0/cnt_reg[2]/D
  -------------------------------------------------------------------    -------------------

Slack:                    inf
  Source:                 top_traffic_design_i/c_counter_binary_0/U0/i_synth/i_baseblox.i_baseblox_counter/the_addsub/no_pipelining.the_addsub/i_lut6.i_lut6_addsub/i_q.i_simple.qreg/i_no_async_controls.output_reg[15]/C
                            (rising edge-triggered cell FDRE)
  Destination:            top_traffic_design_i/c_counter_binary_0/U0/i_synth/i_baseblox.i_baseblox_counter/the_addsub/no_pipelining.the_addsub/i_lut6.i_lut6_addsub/i_q.i_simple.qreg/i_no_async_controls.output_reg[15]/D
  Path Group:             (none)
  Path Type:              Min at Fast Process Corner
  Data Path Delay:        0.388ns  (logic 0.252ns (64.978%)  route 0.136ns (35.022%))
  Logic Levels:           2  (CARRY4=1 FDRE=1)

    Location             Delay type                Incr(ns)  Path(ns)    Netlist Resource(s)
  -------------------------------------------------------------------    -------------------
    SLICE_X0Y52          FDRE                         0.000     0.000 r  top_traffic_design_i/c_counter_binary_0/U0/i_synth/i_baseblox.i_baseblox_counter/the_addsub/no_pipelining.the_addsub/i_lut6.i_lut6_addsub/i_q.i_simple.qreg/i_no_async_controls.output_reg[15]/C
    SLICE_X0Y52          FDRE (Prop_fdre_C_Q)         0.141     0.141 r  top_traffic_design_i/c_counter_binary_0/U0/i_synth/i_baseblox.i_baseblox_counter/the_addsub/no_pipelining.the_addsub/i_lut6.i_lut6_addsub/i_q.i_simple.qreg/i_no_async_controls.output_reg[15]/Q
                         net (fo=3, routed)           0.136     0.277    top_traffic_design_i/c_counter_binary_0/U0/i_synth/i_baseblox.i_baseblox_counter/the_addsub/no_pipelining.the_addsub/i_lut6.i_lut6_addsub/Q[14]
    SLICE_X0Y52          CARRY4 (Prop_carry4_S[2]_O[2])
                                                      0.111     0.388 r  top_traffic_design_i/c_counter_binary_0/U0/i_synth/i_baseblox.i_baseblox_counter/the_addsub/no_pipelining.the_addsub/i_lut6.i_lut6_addsub/i_simple_model.i_gt_1.carrychaingen[12].carrymux_CARRY4/O[2]
                         net (fo=1, routed)           0.000     0.388    top_traffic_design_i/c_counter_binary_0/U0/i_synth/i_baseblox.i_baseblox_counter/the_addsub/no_pipelining.the_addsub/i_lut6.i_lut6_addsub/i_q.i_simple.qreg/s[14]
    SLICE_X0Y52          FDRE                                         r  top_traffic_design_i/c_counter_binary_0/U0/i_synth/i_baseblox.i_baseblox_counter/the_addsub/no_pipelining.the_addsub/i_lut6.i_lut6_addsub/i_q.i_simple.qreg/i_no_async_controls.output_reg[15]/D
  -------------------------------------------------------------------    -------------------

Slack:                    inf
  Source:                 top_traffic_design_i/c_counter_binary_0/U0/i_synth/i_baseblox.i_baseblox_counter/the_addsub/no_pipelining.the_addsub/i_lut6.i_lut6_addsub/i_q.i_simple.qreg/i_no_async_controls.output_reg[11]/C
                            (rising edge-triggered cell FDRE)
  Destination:            top_traffic_design_i/c_counter_binary_0/U0/i_synth/i_baseblox.i_baseblox_counter/the_addsub/no_pipelining.the_addsub/i_lut6.i_lut6_addsub/i_q.i_simple.qreg/i_no_async_controls.output_reg[12]/D
  Path Group:             (none)
  Path Type:              Min at Fast Process Corner
  Data Path Delay:        0.406ns  (logic 0.285ns (70.118%)  route 0.121ns (29.882%))
  Logic Levels:           2  (CARRY4=1 FDRE=1)

    Location             Delay type                Incr(ns)  Path(ns)    Netlist Resource(s)
  -------------------------------------------------------------------    -------------------
    SLICE_X0Y51          FDRE                         0.000     0.000 r  top_traffic_design_i/c_counter_binary_0/U0/i_synth/i_baseblox.i_baseblox_counter/the_addsub/no_pipelining.the_addsub/i_lut6.i_lut6_addsub/i_q.i_simple.qreg/i_no_async_controls.output_reg[11]/C
    SLICE_X0Y51          FDRE (Prop_fdre_C_Q)         0.141     0.141 r  top_traffic_design_i/c_counter_binary_0/U0/i_synth/i_baseblox.i_baseblox_counter/the_addsub/no_pipelining.the_addsub/i_lut6.i_lut6_addsub/i_q.i_simple.qreg/i_no_async_controls.output_reg[11]/Q
                         net (fo=1, routed)           0.121     0.262    top_traffic_design_i/c_counter_binary_0/U0/i_synth/i_baseblox.i_baseblox_counter/the_addsub/no_pipelining.the_addsub/i_lut6.i_lut6_addsub/Q[10]
    SLICE_X0Y51          CARRY4 (Prop_carry4_S[2]_O[3])
                                                      0.144     0.406 r  top_traffic_design_i/c_counter_binary_0/U0/i_synth/i_baseblox.i_baseblox_counter/the_addsub/no_pipelining.the_addsub/i_lut6.i_lut6_addsub/i_simple_model.i_gt_1.carrychaingen[8].carrymux_CARRY4/O[3]
                         net (fo=1, routed)           0.000     0.406    top_traffic_design_i/c_counter_binary_0/U0/i_synth/i_baseblox.i_baseblox_counter/the_addsub/no_pipelining.the_addsub/i_lut6.i_lut6_addsub/i_q.i_simple.qreg/s[11]
    SLICE_X0Y51          FDRE                                         r  top_traffic_design_i/c_counter_binary_0/U0/i_synth/i_baseblox.i_baseblox_counter/the_addsub/no_pipelining.the_addsub/i_lut6.i_lut6_addsub/i_q.i_simple.qreg/i_no_async_controls.output_reg[12]/D
  -------------------------------------------------------------------    -------------------

Slack:                    inf
  Source:                 top_traffic_design_i/c_counter_binary_0/U0/i_synth/i_baseblox.i_baseblox_counter/the_addsub/no_pipelining.the_addsub/i_lut6.i_lut6_addsub/i_q.i_simple.qreg/i_no_async_controls.output_reg[3]/C
                            (rising edge-triggered cell FDRE)
  Destination:            top_traffic_design_i/c_counter_binary_0/U0/i_synth/i_baseblox.i_baseblox_counter/the_addsub/no_pipelining.the_addsub/i_lut6.i_lut6_addsub/i_q.i_simple.qreg/i_no_async_controls.output_reg[4]/D
  Path Group:             (none)
  Path Type:              Min at Fast Process Corner
  Data Path Delay:        0.406ns  (logic 0.285ns (70.118%)  route 0.121ns (29.882%))
  Logic Levels:           2  (CARRY4=1 FDRE=1)

    Location             Delay type                Incr(ns)  Path(ns)    Netlist Resource(s)
  -------------------------------------------------------------------    -------------------
    SLICE_X0Y49          FDRE                         0.000     0.000 r  top_traffic_design_i/c_counter_binary_0/U0/i_synth/i_baseblox.i_baseblox_counter/the_addsub/no_pipelining.the_addsub/i_lut6.i_lut6_addsub/i_q.i_simple.qreg/i_no_async_controls.output_reg[3]/C
    SLICE_X0Y49          FDRE (Prop_fdre_C_Q)         0.141     0.141 r  top_traffic_design_i/c_counter_binary_0/U0/i_synth/i_baseblox.i_baseblox_counter/the_addsub/no_pipelining.the_addsub/i_lut6.i_lut6_addsub/i_q.i_simple.qreg/i_no_async_controls.output_reg[3]/Q
                         net (fo=1, routed)           0.121     0.262    top_traffic_design_i/c_counter_binary_0/U0/i_synth/i_baseblox.i_baseblox_counter/the_addsub/no_pipelining.the_addsub/i_lut6.i_lut6_addsub/Q[2]
    SLICE_X0Y49          CARRY4 (Prop_carry4_S[2]_O[3])
                                                      0.144     0.406 r  top_traffic_design_i/c_counter_binary_0/U0/i_synth/i_baseblox.i_baseblox_counter/the_addsub/no_pipelining.the_addsub/i_lut6.i_lut6_addsub/i_simple_model.carrymux0_CARRY4/O[3]
                         net (fo=1, routed)           0.000     0.406    top_traffic_design_i/c_counter_binary_0/U0/i_synth/i_baseblox.i_baseblox_counter/the_addsub/no_pipelining.the_addsub/i_lut6.i_lut6_addsub/i_q.i_simple.qreg/s[3]
    SLICE_X0Y49          FDRE                                         r  top_traffic_design_i/c_counter_binary_0/U0/i_synth/i_baseblox.i_baseblox_counter/the_addsub/no_pipelining.the_addsub/i_lut6.i_lut6_addsub/i_q.i_simple.qreg/i_no_async_controls.output_reg[4]/D
  -------------------------------------------------------------------    -------------------





